[ 2016-02-22T15:18:27+08:00 ] ::1 /myblog/MyAdmin
INFO: [ app_init ] --START--
INFO: Run Behavior\BuildLite [ RunTime:0.000035s ]
INFO: [ app_init ] --END-- [ RunTime:0.000649s ]
INFO: [ app_begin ] --START--
INFO: Run Behavior\ReadHtmlCache [ RunTime:0.001285s ]
INFO: [ app_begin ] --END-- [ RunTime:0.001448s ]

[ 2016-02-22T15:18:27+08:00 ] ::1 /myblog/MyAdmin-Login-index
INFO: [ app_init ] --START--
INFO: Run Behavior\BuildLite [ RunTime:0.000033s ]
INFO: [ app_init ] --END-- [ RunTime:0.000659s ]
INFO: [ app_begin ] --START--
INFO: Run Behavior\ReadHtmlCache [ RunTime:0.001196s ]
INFO: [ app_begin ] --END-- [ RunTime:0.001341s ]
INFO: [ view_parse ] --START--
INFO: [ template_filter ] --START--
INFO: Run Behavior\ContentReplace [ RunTime:0.000125s ]
INFO: [ template_filter ] --END-- [ RunTime:0.000295s ]
NOTIC: [8] Undefined variable: title D:\wamp\www\myblog\Application\Runtime\Cache\MyAdmin\01287993c1a3b0be7f0535c2694089cd.php 第 6 行.
NOTIC: [8] Undefined variable: description D:\wamp\www\myblog\Application\Runtime\Cache\MyAdmin\01287993c1a3b0be7f0535c2694089cd.php 第 7 行.
NOTIC: [8] Undefined variable: keywords D:\wamp\www\myblog\Application\Runtime\Cache\MyAdmin\01287993c1a3b0be7f0535c2694089cd.php 第 8 行.
INFO: Run Behavior\ParseTemplate [ RunTime:0.013264s ]
INFO: [ view_parse ] --END-- [ RunTime:0.013417s ]
INFO: [ view_filter ] --START--
INFO: Run Behavior\WriteHtmlCache [ RunTime:0.001146s ]
INFO: [ view_filter ] --END-- [ RunTime:0.001290s ]
INFO: [ app_end ] --START--
INFO: Run Behavior\ShowPageTrace [ RunTime:0.001362s ]
INFO: [ app_end ] --END-- [ RunTime:0.001506s ]

[ 2016-02-22T15:18:27+08:00 ] ::1 /myblog/MyAdmin-Login-verify
INFO: [ app_init ] --START--
INFO: Run Behavior\BuildLite [ RunTime:0.000059s ]
INFO: [ app_init ] --END-- [ RunTime:0.001021s ]
INFO: [ app_begin ] --START--
INFO: Run Behavior\ReadHtmlCache [ RunTime:0.001144s ]
INFO: [ app_begin ] --END-- [ RunTime:0.001311s ]
INFO: [ app_end ] --START--
INFO: Run Behavior\ShowPageTrace [ RunTime:0.002070s ]
INFO: [ app_end ] --END-- [ RunTime:0.002376s ]

[ 2016-02-22T15:18:29+08:00 ] ::1 /myblog/MyAdmin-Login-verify-1456125509335
INFO: [ app_init ] --START--
INFO: Run Behavior\BuildLite [ RunTime:0.000035s ]
INFO: [ app_init ] --END-- [ RunTime:0.000648s ]
INFO: [ app_begin ] --START--
INFO: Run Behavior\ReadHtmlCache [ RunTime:0.001472s ]
INFO: [ app_begin ] --END-- [ RunTime:0.001772s ]
INFO: [ app_end ] --START--
INFO: Run Behavior\ShowPageTrace [ RunTime:0.001556s ]
INFO: [ app_end ] --END-- [ RunTime:0.001791s ]

[ 2016-02-22T15:18:33+08:00 ] ::1 /myblog/MyAdmin-Login-index
INFO: [ app_init ] --START--
INFO: Run Behavior\BuildLite [ RunTime:0.000035s ]
INFO: [ app_init ] --END-- [ RunTime:0.000708s ]
INFO: [ app_begin ] --START--
INFO: Run Behavior\ReadHtmlCache [ RunTime:0.001037s ]
INFO: [ app_begin ] --END-- [ RunTime:0.001180s ]
SQL: SHOW COLUMNS FROM `xxf_user` [ RunTime:0.1094s ]
SQL: SELECT * FROM `xxf_user` WHERE `password` = '21232f297a57a5a743894a0e4a801fc3' LIMIT 1   [ RunTime:0.0008s ]

[ 2016-02-22T15:18:33+08:00 ] ::1 /myblog/MyAdmin-Index-index
INFO: [ app_init ] --START--
INFO: Run Behavior\BuildLite [ RunTime:0.000042s ]
INFO: [ app_init ] --END-- [ RunTime:0.000846s ]
INFO: [ app_begin ] --START--
INFO: Run Behavior\ReadHtmlCache [ RunTime:0.001279s ]
INFO: [ app_begin ] --END-- [ RunTime:0.001475s ]
INFO: [ view_parse ] --START--
INFO: [ template_filter ] --START--
INFO: Run Behavior\ContentReplace [ RunTime:0.000161s ]
INFO: [ template_filter ] --END-- [ RunTime:0.000360s ]
INFO: Run Behavior\ParseTemplate [ RunTime:0.027147s ]
INFO: [ view_parse ] --END-- [ RunTime:0.027354s ]
INFO: [ view_filter ] --START--
INFO: Run Behavior\WriteHtmlCache [ RunTime:0.001031s ]
INFO: [ view_filter ] --END-- [ RunTime:0.001206s ]
INFO: [ app_end ] --START--
INFO: Run Behavior\ShowPageTrace [ RunTime:0.001424s ]
INFO: [ app_end ] --END-- [ RunTime:0.001612s ]

[ 2016-02-22T15:18:36+08:00 ] ::1 /myblog/MyAdmin-Article-index
INFO: [ app_init ] --START--
INFO: Run Behavior\BuildLite [ RunTime:0.000035s ]
INFO: [ app_init ] --END-- [ RunTime:0.000739s ]
INFO: [ app_begin ] --START--
INFO: Run Behavior\ReadHtmlCache [ RunTime:0.002387s ]
INFO: [ app_begin ] --END-- [ RunTime:0.002618s ]
SQL: SHOW COLUMNS FROM `xxf_config` [ RunTime:0.0610s ]
SQL: SELECT `admin_page` FROM `xxf_config` LIMIT 1   [ RunTime:0.0003s ]
SQL: SHOW COLUMNS FROM `xxf_article` [ RunTime:0.0638s ]
NOTIC: [8] Undefined index: where D:\wamp\www\myblog\Application\MyAdmin\Model\ArticleModel.class.php 第 38 行.
SQL: SELECT COUNT(*) AS tp_count FROM xxf_article art LIMIT 1   [ RunTime:0.0003s ]
NOTIC: [8] Undefined index: parameter D:\wamp\www\myblog\Application\MyAdmin\Model\ArticleModel.class.php 第 39 行.
NOTIC: [8] Undefined index: where D:\wamp\www\myblog\Application\MyAdmin\Model\ArticleModel.class.php 第 45 行.
SQL: SELECT art.*,art_cate.name cate_name,art_cate.status cate_status FROM xxf_article art LEFT JOIN xxf_article_category art_cate ON art_cate.id = art.cate_id AND art_cate.status < 9  ORDER BY is_top DESC,create_time DESC LIMIT 0,10   [ RunTime:0.1323s ]
INFO: [ view_parse ] --START--
INFO: [ template_filter ] --START--
INFO: Run Behavior\ContentReplace [ RunTime:0.000234s ]
INFO: [ template_filter ] --END-- [ RunTime:0.000405s ]
NOTIC: [8] Undefined index: title D:\wamp\www\myblog\Application\Runtime\Cache\MyAdmin\5ff8ccfcf9d56d258e715b436a59d7ad.php 第 89 行.
INFO: Run Behavior\ParseTemplate [ RunTime:0.034624s ]
INFO: [ view_parse ] --END-- [ RunTime:0.034849s ]
INFO: [ view_filter ] --START--
INFO: Run Behavior\WriteHtmlCache [ RunTime:0.001064s ]
INFO: [ view_filter ] --END-- [ RunTime:0.001206s ]
INFO: [ app_end ] --START--
INFO: Run Behavior\ShowPageTrace [ RunTime:0.002114s ]
INFO: [ app_end ] --END-- [ RunTime:0.002361s ]

[ 2016-02-22T15:18:37+08:00 ] ::1 /myblog/MyAdmin-ArticleCategory-index
INFO: [ app_init ] --START--
INFO: Run Behavior\BuildLite [ RunTime:0.000041s ]
INFO: [ app_init ] --END-- [ RunTime:0.000656s ]
INFO: [ app_begin ] --START--
INFO: Run Behavior\ReadHtmlCache [ RunTime:0.001460s ]
INFO: [ app_begin ] --END-- [ RunTime:0.001685s ]
SQL: SHOW COLUMNS FROM `xxf_article_category` [ RunTime:0.0069s ]
SQL: SELECT * FROM `xxf_article_category` WHERE `parent_id` = 0 ORDER BY sort DESC  [ RunTime:0.0005s ]
SQL: SELECT * FROM `xxf_article_category` WHERE `parent_id` = 49 ORDER BY sort DESC  [ RunTime:0.0003s ]
SQL: SELECT * FROM `xxf_article_category` WHERE `parent_id` = 52 ORDER BY sort DESC  [ RunTime:0.0006s ]
SQL: SELECT * FROM `xxf_article_category` WHERE `parent_id` = 51 ORDER BY sort DESC  [ RunTime:0.0003s ]
NOTIC: [8] Undefined index: description D:\wamp\www\myblog\ThinkPHP_3.2.3\Library\Think\Tree.class.php 第 58 行.
NOTIC: [8] Undefined index: keywords D:\wamp\www\myblog\ThinkPHP_3.2.3\Library\Think\Tree.class.php 第 58 行.
NOTIC: [8] Undefined index: description D:\wamp\www\myblog\ThinkPHP_3.2.3\Library\Think\Tree.class.php 第 58 行.
NOTIC: [8] Undefined index: keywords D:\wamp\www\myblog\ThinkPHP_3.2.3\Library\Think\Tree.class.php 第 58 行.
NOTIC: [8] Undefined index: description D:\wamp\www\myblog\ThinkPHP_3.2.3\Library\Think\Tree.class.php 第 58 行.
NOTIC: [8] Undefined index: keywords D:\wamp\www\myblog\ThinkPHP_3.2.3\Library\Think\Tree.class.php 第 58 行.
INFO: [ view_parse ] --START--
INFO: [ template_filter ] --START--
INFO: Run Behavior\ContentReplace [ RunTime:0.000144s ]
INFO: [ template_filter ] --END-- [ RunTime:0.000326s ]
INFO: Run Behavior\ParseTemplate [ RunTime:0.023082s ]
INFO: [ view_parse ] --END-- [ RunTime:0.023242s ]
INFO: [ view_filter ] --START--
INFO: Run Behavior\WriteHtmlCache [ RunTime:0.000926s ]
INFO: [ view_filter ] --END-- [ RunTime:0.001062s ]
INFO: [ app_end ] --START--
INFO: Run Behavior\ShowPageTrace [ RunTime:0.001174s ]
INFO: [ app_end ] --END-- [ RunTime:0.001331s ]

[ 2016-02-22T15:18:40+08:00 ] ::1 /myblog/MyAdmin-ArticleCategory-index
INFO: [ app_init ] --START--
INFO: Run Behavior\BuildLite [ RunTime:0.000032s ]
INFO: [ app_init ] --END-- [ RunTime:0.000633s ]
INFO: [ app_begin ] --START--
INFO: Run Behavior\ReadHtmlCache [ RunTime:0.001383s ]
INFO: [ app_begin ] --END-- [ RunTime:0.001551s ]
SQL: SHOW COLUMNS FROM `xxf_article_category` [ RunTime:0.0079s ]
SQL: SELECT * FROM `xxf_article_category` WHERE `parent_id` = 0 ORDER BY sort DESC  [ RunTime:0.0005s ]
SQL: SELECT * FROM `xxf_article_category` WHERE `parent_id` = 49 ORDER BY sort DESC  [ RunTime:0.0003s ]
SQL: SELECT * FROM `xxf_article_category` WHERE `parent_id` = 52 ORDER BY sort DESC  [ RunTime:0.0003s ]
SQL: SELECT * FROM `xxf_article_category` WHERE `parent_id` = 51 ORDER BY sort DESC  [ RunTime:0.0002s ]
NOTIC: [8] Undefined index: description D:\wamp\www\myblog\ThinkPHP_3.2.3\Library\Think\Tree.class.php 第 58 行.
NOTIC: [8] Undefined index: keywords D:\wamp\www\myblog\ThinkPHP_3.2.3\Library\Think\Tree.class.php 第 58 行.
NOTIC: [8] Undefined index: description D:\wamp\www\myblog\ThinkPHP_3.2.3\Library\Think\Tree.class.php 第 58 行.
NOTIC: [8] Undefined index: keywords D:\wamp\www\myblog\ThinkPHP_3.2.3\Library\Think\Tree.class.php 第 58 行.
NOTIC: [8] Undefined index: description D:\wamp\www\myblog\ThinkPHP_3.2.3\Library\Think\Tree.class.php 第 58 行.
NOTIC: [8] Undefined index: keywords D:\wamp\www\myblog\ThinkPHP_3.2.3\Library\Think\Tree.class.php 第 58 行.
INFO: [ view_parse ] --START--
INFO: [ template_filter ] --START--
INFO: Run Behavior\ContentReplace [ RunTime:0.000131s ]
INFO: [ template_filter ] --END-- [ RunTime:0.000276s ]
INFO: Run Behavior\ParseTemplate [ RunTime:0.024857s ]
INFO: [ view_parse ] --END-- [ RunTime:0.025029s ]
INFO: [ view_filter ] --START--
INFO: Run Behavior\WriteHtmlCache [ RunTime:0.000954s ]
INFO: [ view_filter ] --END-- [ RunTime:0.001091s ]
INFO: [ app_end ] --START--
INFO: Run Behavior\ShowPageTrace [ RunTime:0.001483s ]
INFO: [ app_end ] --END-- [ RunTime:0.001623s ]

[ 2016-02-22T15:18:42+08:00 ] ::1 /myblog/MyAdmin-Article-index
INFO: [ app_init ] --START--
INFO: Run Behavior\BuildLite [ RunTime:0.000037s ]
INFO: [ app_init ] --END-- [ RunTime:0.000729s ]
INFO: [ app_begin ] --START--
INFO: Run Behavior\ReadHtmlCache [ RunTime:0.002062s ]
INFO: [ app_begin ] --END-- [ RunTime:0.002323s ]
SQL: SHOW COLUMNS FROM `xxf_config` [ RunTime:0.0076s ]
SQL: SELECT `admin_page` FROM `xxf_config` LIMIT 1   [ RunTime:0.0003s ]
SQL: SHOW COLUMNS FROM `xxf_article` [ RunTime:0.0090s ]
NOTIC: [8] Undefined index: where D:\wamp\www\myblog\Application\MyAdmin\Model\ArticleModel.class.php 第 38 行.
SQL: SELECT COUNT(*) AS tp_count FROM xxf_article art LIMIT 1   [ RunTime:0.0003s ]
NOTIC: [8] Undefined index: parameter D:\wamp\www\myblog\Application\MyAdmin\Model\ArticleModel.class.php 第 39 行.
NOTIC: [8] Undefined index: where D:\wamp\www\myblog\Application\MyAdmin\Model\ArticleModel.class.php 第 45 行.
SQL: SELECT art.*,art_cate.name cate_name,art_cate.status cate_status FROM xxf_article art LEFT JOIN xxf_article_category art_cate ON art_cate.id = art.cate_id AND art_cate.status < 9  ORDER BY is_top DESC,create_time DESC LIMIT 0,10   [ RunTime:0.0067s ]
INFO: [ view_parse ] --START--
INFO: [ template_filter ] --START--
INFO: Run Behavior\ContentReplace [ RunTime:0.000172s ]
INFO: [ template_filter ] --END-- [ RunTime:0.000336s ]
NOTIC: [8] Undefined index: title D:\wamp\www\myblog\Application\Runtime\Cache\MyAdmin\5ff8ccfcf9d56d258e715b436a59d7ad.php 第 89 行.
INFO: Run Behavior\ParseTemplate [ RunTime:0.030832s ]
INFO: [ view_parse ] --END-- [ RunTime:0.031084s ]
INFO: [ view_filter ] --START--
INFO: Run Behavior\WriteHtmlCache [ RunTime:0.001518s ]
INFO: [ view_filter ] --END-- [ RunTime:0.001854s ]
INFO: [ app_end ] --START--
INFO: Run Behavior\ShowPageTrace [ RunTime:0.001766s ]
INFO: [ app_end ] --END-- [ RunTime:0.001990s ]

[ 2016-02-22T15:18:44+08:00 ] ::1 /myblog/MyAdmin-Twitter-index
INFO: [ app_init ] --START--
INFO: Run Behavior\BuildLite [ RunTime:0.000083s ]
INFO: [ app_init ] --END-- [ RunTime:0.001215s ]
INFO: [ app_begin ] --START--
INFO: Run Behavior\ReadHtmlCache [ RunTime:0.001236s ]
INFO: [ app_begin ] --END-- [ RunTime:0.001395s ]
SQL: SHOW COLUMNS FROM `xxf_config` [ RunTime:0.0079s ]
SQL: SELECT `admin_page` FROM `xxf_config` LIMIT 1   [ RunTime:0.0005s ]
SQL: SHOW COLUMNS FROM `xxf_twitter` [ RunTime:0.0574s ]
NOTIC: [8] Undefined index: where D:\wamp\www\myblog\Application\MyAdmin\Model\TwitterModel.class.php 第 26 行.
SQL: SELECT COUNT(*) AS tp_count FROM xxf_twitter t LIMIT 1   [ RunTime:0.0003s ]
NOTIC: [8] Undefined index: parameter D:\wamp\www\myblog\Application\MyAdmin\Model\TwitterModel.class.php 第 27 行.
NOTIC: [8] Undefined index: where D:\wamp\www\myblog\Application\MyAdmin\Model\TwitterModel.class.php 第 33 行.
SQL: SELECT t.* FROM xxf_twitter t ORDER BY create_time DESC LIMIT 0,10   [ RunTime:0.0005s ]
INFO: [ view_parse ] --START--
INFO: [ template_filter ] --START--
INFO: Run Behavior\ContentReplace [ RunTime:0.000253s ]
INFO: [ template_filter ] --END-- [ RunTime:0.000576s ]
INFO: Run Behavior\ParseTemplate [ RunTime:0.033052s ]
INFO: [ view_parse ] --END-- [ RunTime:0.033328s ]
INFO: [ view_filter ] --START--
INFO: Run Behavior\WriteHtmlCache [ RunTime:0.001471s ]
INFO: [ view_filter ] --END-- [ RunTime:0.001725s ]
INFO: [ app_end ] --START--
INFO: Run Behavior\ShowPageTrace [ RunTime:0.002127s ]
INFO: [ app_end ] --END-- [ RunTime:0.002324s ]

[ 2016-02-22T15:18:45+08:00 ] ::1 /myblog/MyAdmin-FriendlyLink-index
INFO: [ app_init ] --START--
INFO: Run Behavior\BuildLite [ RunTime:0.000049s ]
INFO: [ app_init ] --END-- [ RunTime:0.000792s ]
INFO: [ app_begin ] --START--
INFO: Run Behavior\ReadHtmlCache [ RunTime:0.001351s ]
INFO: [ app_begin ] --END-- [ RunTime:0.001531s ]
SQL: SHOW COLUMNS FROM `xxf_config` [ RunTime:0.0084s ]
SQL: SELECT `admin_page` FROM `xxf_config` LIMIT 1   [ RunTime:0.0004s ]
SQL: SHOW COLUMNS FROM `xxf_friendly_link` [ RunTime:0.0379s ]
NOTIC: [8] Undefined index: where D:\wamp\www\myblog\Application\MyAdmin\Model\FriendlyLinkModel.class.php 第 28 行.
SQL: SELECT COUNT(*) AS tp_count FROM xxf_friendly_link fl LIMIT 1   [ RunTime:0.0003s ]
NOTIC: [8] Undefined index: parameter D:\wamp\www\myblog\Application\MyAdmin\Model\FriendlyLinkModel.class.php 第 29 行.
NOTIC: [8] Undefined index: where D:\wamp\www\myblog\Application\MyAdmin\Model\FriendlyLinkModel.class.php 第 35 行.
SQL: SELECT fl.* FROM xxf_friendly_link fl ORDER BY id DESC LIMIT 0,10   [ RunTime:0.0003s ]
INFO: [ view_parse ] --START--
INFO: [ template_filter ] --START--
INFO: Run Behavior\ContentReplace [ RunTime:0.000253s ]
INFO: [ template_filter ] --END-- [ RunTime:0.000453s ]
INFO: Run Behavior\ParseTemplate [ RunTime:0.027348s ]
INFO: [ view_parse ] --END-- [ RunTime:0.027518s ]
INFO: [ view_filter ] --START--
INFO: Run Behavior\WriteHtmlCache [ RunTime:0.000980s ]
INFO: [ view_filter ] --END-- [ RunTime:0.001122s ]
INFO: [ app_end ] --START--
INFO: Run Behavior\ShowPageTrace [ RunTime:0.001526s ]
INFO: [ app_end ] --END-- [ RunTime:0.001678s ]

[ 2016-02-22T15:18:46+08:00 ] ::1 /myblog/MyAdmin-Background-index
INFO: [ app_init ] --START--
INFO: Run Behavior\BuildLite [ RunTime:0.000032s ]
INFO: [ app_init ] --END-- [ RunTime:0.000597s ]
INFO: [ app_begin ] --START--
INFO: Run Behavior\ReadHtmlCache [ RunTime:0.001515s ]
INFO: [ app_begin ] --END-- [ RunTime:0.001774s ]
SQL: SHOW COLUMNS FROM `xxf_config` [ RunTime:0.0299s ]
SQL: SELECT `admin_page` FROM `xxf_config` LIMIT 1   [ RunTime:0.0004s ]
SQL: SHOW COLUMNS FROM `xxf_background` [ RunTime:0.0836s ]
NOTIC: [8] Undefined index: where D:\wamp\www\myblog\Application\MyAdmin\Model\BackgroundModel.class.php 第 17 行.
SQL: SELECT COUNT(*) AS tp_count FROM xxf_background b LIMIT 1   [ RunTime:0.0003s ]
NOTIC: [8] Undefined index: parameter D:\wamp\www\myblog\Application\MyAdmin\Model\BackgroundModel.class.php 第 18 行.
NOTIC: [8] Undefined index: where D:\wamp\www\myblog\Application\MyAdmin\Model\BackgroundModel.class.php 第 24 行.
SQL: SELECT b.* FROM xxf_background b ORDER BY id DESC LIMIT 0,10   [ RunTime:0.0004s ]
INFO: [ view_parse ] --START--
INFO: [ template_filter ] --START--
INFO: Run Behavior\ContentReplace [ RunTime:0.000143s ]
INFO: [ template_filter ] --END-- [ RunTime:0.000328s ]
INFO: Run Behavior\ParseTemplate [ RunTime:0.033155s ]
INFO: [ view_parse ] --END-- [ RunTime:0.033333s ]
INFO: [ view_filter ] --START--
INFO: Run Behavior\WriteHtmlCache [ RunTime:0.001033s ]
INFO: [ view_filter ] --END-- [ RunTime:0.001187s ]
INFO: [ app_end ] --START--
INFO: Run Behavior\ShowPageTrace [ RunTime:0.001190s ]
INFO: [ app_end ] --END-- [ RunTime:0.001344s ]

[ 2016-02-22T15:18:47+08:00 ] ::1 /myblog/MyAdmin-Nav-index
INFO: [ app_init ] --START--
INFO: Run Behavior\BuildLite [ RunTime:0.000069s ]
INFO: [ app_init ] --END-- [ RunTime:0.001066s ]
INFO: [ app_begin ] --START--
INFO: Run Behavior\ReadHtmlCache [ RunTime:0.001309s ]
INFO: [ app_begin ] --END-- [ RunTime:0.001461s ]
SQL: SHOW COLUMNS FROM `xxf_config` [ RunTime:0.0076s ]
SQL: SELECT `admin_page` FROM `xxf_config` LIMIT 1   [ RunTime:0.0004s ]
SQL: SHOW COLUMNS FROM `xxf_nav` [ RunTime:0.0557s ]
NOTIC: [8] Undefined index: where D:\wamp\www\myblog\Application\MyAdmin\Model\NavModel.class.php 第 28 行.
SQL: SELECT COUNT(*) AS tp_count FROM xxf_nav n LIMIT 1   [ RunTime:0.0004s ]
NOTIC: [8] Undefined index: parameter D:\wamp\www\myblog\Application\MyAdmin\Model\NavModel.class.php 第 29 行.
NOTIC: [8] Undefined index: where D:\wamp\www\myblog\Application\MyAdmin\Model\NavModel.class.php 第 35 行.
SQL: SELECT n.* FROM xxf_nav n ORDER BY sort DESC LIMIT 0,10   [ RunTime:0.0004s ]
INFO: [ view_parse ] --START--
INFO: [ template_filter ] --START--
INFO: Run Behavior\ContentReplace [ RunTime:0.000301s ]
INFO: [ template_filter ] --END-- [ RunTime:0.000617s ]
INFO: Run Behavior\ParseTemplate [ RunTime:0.032651s ]
INFO: [ view_parse ] --END-- [ RunTime:0.032811s ]
INFO: [ view_filter ] --START--
INFO: Run Behavior\WriteHtmlCache [ RunTime:0.001894s ]
INFO: [ view_filter ] --END-- [ RunTime:0.002246s ]
INFO: [ app_end ] --START--
INFO: Run Behavior\ShowPageTrace [ RunTime:0.001992s ]
INFO: [ app_end ] --END-- [ RunTime:0.002259s ]

[ 2016-02-22T15:18:48+08:00 ] ::1 /myblog/MyAdmin-Config-update
INFO: [ app_init ] --START--
INFO: Run Behavior\BuildLite [ RunTime:0.000051s ]
INFO: [ app_init ] --END-- [ RunTime:0.001261s ]
INFO: [ app_begin ] --START--
INFO: Run Behavior\ReadHtmlCache [ RunTime:0.001403s ]
INFO: [ app_begin ] --END-- [ RunTime:0.001614s ]
NOTIC: [8] Undefined index: id D:\wamp\www\myblog\Application\MyAdmin\Controller\BaseController.class.php 第 84 行.
SQL: SHOW COLUMNS FROM `xxf_config` [ RunTime:0.0088s ]
SQL: SELECT * FROM `xxf_config` WHERE `id` = 1 LIMIT 1   [ RunTime:0.0004s ]
INFO: [ view_parse ] --START--
INFO: [ template_filter ] --START--
INFO: Run Behavior\ContentReplace [ RunTime:0.000172s ]
INFO: [ template_filter ] --END-- [ RunTime:0.000337s ]
INFO: Run Behavior\ParseTemplate [ RunTime:0.024461s ]
INFO: [ view_parse ] --END-- [ RunTime:0.024627s ]
INFO: [ view_filter ] --START--
INFO: Run Behavior\WriteHtmlCache [ RunTime:0.001238s ]
INFO: [ view_filter ] --END-- [ RunTime:0.001437s ]
INFO: [ app_end ] --START--
INFO: Run Behavior\ShowPageTrace [ RunTime:0.002233s ]
INFO: [ app_end ] --END-- [ RunTime:0.002549s ]

[ 2016-02-22T15:18:49+08:00 ] ::1 /myblog/MyAdmin-Nav-index
INFO: [ app_init ] --START--
INFO: Run Behavior\BuildLite [ RunTime:0.000034s ]
INFO: [ app_init ] --END-- [ RunTime:0.000654s ]
INFO: [ app_begin ] --START--
INFO: Run Behavior\ReadHtmlCache [ RunTime:0.001321s ]
INFO: [ app_begin ] --END-- [ RunTime:0.001495s ]
SQL: SHOW COLUMNS FROM `xxf_config` [ RunTime:0.0073s ]
SQL: SELECT `admin_page` FROM `xxf_config` LIMIT 1   [ RunTime:0.0004s ]
SQL: SHOW COLUMNS FROM `xxf_nav` [ RunTime:0.0076s ]
NOTIC: [8] Undefined index: where D:\wamp\www\myblog\Application\MyAdmin\Model\NavModel.class.php 第 28 行.
SQL: SELECT COUNT(*) AS tp_count FROM xxf_nav n LIMIT 1   [ RunTime:0.0003s ]
NOTIC: [8] Undefined index: parameter D:\wamp\www\myblog\Application\MyAdmin\Model\NavModel.class.php 第 29 行.
NOTIC: [8] Undefined index: where D:\wamp\www\myblog\Application\MyAdmin\Model\NavModel.class.php 第 35 行.
SQL: SELECT n.* FROM xxf_nav n ORDER BY sort DESC LIMIT 0,10   [ RunTime:0.0004s ]
INFO: [ view_parse ] --START--
INFO: [ template_filter ] --START--
INFO: Run Behavior\ContentReplace [ RunTime:0.000188s ]
INFO: [ template_filter ] --END-- [ RunTime:0.000516s ]
INFO: Run Behavior\ParseTemplate [ RunTime:0.030986s ]
INFO: [ view_parse ] --END-- [ RunTime:0.031151s ]
INFO: [ view_filter ] --START--
INFO: Run Behavior\WriteHtmlCache [ RunTime:0.000980s ]
INFO: [ view_filter ] --END-- [ RunTime:0.001135s ]
INFO: [ app_end ] --START--
INFO: Run Behavior\ShowPageTrace [ RunTime:0.001262s ]
INFO: [ app_end ] --END-- [ RunTime:0.001405s ]

[ 2016-02-22T15:18:49+08:00 ] ::1 /myblog/MyAdmin-Background-index
INFO: [ app_init ] --START--
INFO: Run Behavior\BuildLite [ RunTime:0.000053s ]
INFO: [ app_init ] --END-- [ RunTime:0.000867s ]
INFO: [ app_begin ] --START--
INFO: Run Behavior\ReadHtmlCache [ RunTime:0.001236s ]
INFO: [ app_begin ] --END-- [ RunTime:0.001411s ]
SQL: SHOW COLUMNS FROM `xxf_config` [ RunTime:0.0069s ]
SQL: SELECT `admin_page` FROM `xxf_config` LIMIT 1   [ RunTime:0.0004s ]
SQL: SHOW COLUMNS FROM `xxf_background` [ RunTime:0.0071s ]
NOTIC: [8] Undefined index: where D:\wamp\www\myblog\Application\MyAdmin\Model\BackgroundModel.class.php 第 17 行.
SQL: SELECT COUNT(*) AS tp_count FROM xxf_background b LIMIT 1   [ RunTime:0.0003s ]
NOTIC: [8] Undefined index: parameter D:\wamp\www\myblog\Application\MyAdmin\Model\BackgroundModel.class.php 第 18 行.
NOTIC: [8] Undefined index: where D:\wamp\www\myblog\Application\MyAdmin\Model\BackgroundModel.class.php 第 24 行.
SQL: SELECT b.* FROM xxf_background b ORDER BY id DESC LIMIT 0,10   [ RunTime:0.0004s ]
INFO: [ view_parse ] --START--
INFO: [ template_filter ] --START--
INFO: Run Behavior\ContentReplace [ RunTime:0.000164s ]
INFO: [ template_filter ] --END-- [ RunTime:0.000315s ]
INFO: Run Behavior\ParseTemplate [ RunTime:0.031979s ]
INFO: [ view_parse ] --END-- [ RunTime:0.032140s ]
INFO: [ view_filter ] --START--
INFO: Run Behavior\WriteHtmlCache [ RunTime:0.001108s ]
INFO: [ view_filter ] --END-- [ RunTime:0.001244s ]
INFO: [ app_end ] --START--
INFO: Run Behavior\ShowPageTrace [ RunTime:0.001211s ]
INFO: [ app_end ] --END-- [ RunTime:0.001394s ]

[ 2016-02-22T15:18:50+08:00 ] ::1 /myblog/MyAdmin-FriendlyLink-index
INFO: [ app_init ] --START--
INFO: Run Behavior\BuildLite [ RunTime:0.000064s ]
INFO: [ app_init ] --END-- [ RunTime:0.000922s ]
INFO: [ app_begin ] --START--
INFO: Run Behavior\ReadHtmlCache [ RunTime:0.001387s ]
INFO: [ app_begin ] --END-- [ RunTime:0.001591s ]
SQL: SHOW COLUMNS FROM `xxf_config` [ RunTime:0.0075s ]
SQL: SELECT `admin_page` FROM `xxf_config` LIMIT 1   [ RunTime:0.0003s ]
SQL: SHOW COLUMNS FROM `xxf_friendly_link` [ RunTime:0.0083s ]
NOTIC: [8] Undefined index: where D:\wamp\www\myblog\Application\MyAdmin\Model\FriendlyLinkModel.class.php 第 28 行.
SQL: SELECT COUNT(*) AS tp_count FROM xxf_friendly_link fl LIMIT 1   [ RunTime:0.0003s ]
NOTIC: [8] Undefined index: parameter D:\wamp\www\myblog\Application\MyAdmin\Model\FriendlyLinkModel.class.php 第 29 行.
NOTIC: [8] Undefined index: where D:\wamp\www\myblog\Application\MyAdmin\Model\FriendlyLinkModel.class.php 第 35 行.
SQL: SELECT fl.* FROM xxf_friendly_link fl ORDER BY id DESC LIMIT 0,10   [ RunTime:0.0003s ]
INFO: [ view_parse ] --START--
INFO: [ template_filter ] --START--
INFO: Run Behavior\ContentReplace [ RunTime:0.000163s ]
INFO: [ template_filter ] --END-- [ RunTime:0.000378s ]
INFO: Run Behavior\ParseTemplate [ RunTime:0.027858s ]
INFO: [ view_parse ] --END-- [ RunTime:0.028089s ]
INFO: [ view_filter ] --START--
INFO: Run Behavior\WriteHtmlCache [ RunTime:0.001012s ]
INFO: [ view_filter ] --END-- [ RunTime:0.001153s ]
INFO: [ app_end ] --START--
INFO: Run Behavior\ShowPageTrace [ RunTime:0.001191s ]
INFO: [ app_end ] --END-- [ RunTime:0.001335s ]

[ 2016-02-22T15:18:51+08:00 ] ::1 /myblog/MyAdmin-Twitter-index
INFO: [ app_init ] --START--
INFO: Run Behavior\BuildLite [ RunTime:0.000068s ]
INFO: [ app_init ] --END-- [ RunTime:0.001104s ]
INFO: [ app_begin ] --START--
INFO: Run Behavior\ReadHtmlCache [ RunTime:0.001472s ]
INFO: [ app_begin ] --END-- [ RunTime:0.001689s ]
SQL: SHOW COLUMNS FROM `xxf_config` [ RunTime:0.1096s ]
SQL: SELECT `admin_page` FROM `xxf_config` LIMIT 1   [ RunTime:0.0004s ]
SQL: SHOW COLUMNS FROM `xxf_twitter` [ RunTime:0.0062s ]
NOTIC: [8] Undefined index: where D:\wamp\www\myblog\Application\MyAdmin\Model\TwitterModel.class.php 第 26 行.
SQL: SELECT COUNT(*) AS tp_count FROM xxf_twitter t LIMIT 1   [ RunTime:0.0003s ]
NOTIC: [8] Undefined index: parameter D:\wamp\www\myblog\Application\MyAdmin\Model\TwitterModel.class.php 第 27 行.
NOTIC: [8] Undefined index: where D:\wamp\www\myblog\Application\MyAdmin\Model\TwitterModel.class.php 第 33 行.
SQL: SELECT t.* FROM xxf_twitter t ORDER BY create_time DESC LIMIT 0,10   [ RunTime:0.0005s ]
INFO: [ view_parse ] --START--
INFO: [ template_filter ] --START--
INFO: Run Behavior\ContentReplace [ RunTime:0.000155s ]
INFO: [ template_filter ] --END-- [ RunTime:0.000316s ]
INFO: Run Behavior\ParseTemplate [ RunTime:0.027056s ]
INFO: [ view_parse ] --END-- [ RunTime:0.027288s ]
INFO: [ view_filter ] --START--
INFO: Run Behavior\WriteHtmlCache [ RunTime:0.000897s ]
INFO: [ view_filter ] --END-- [ RunTime:0.001030s ]
INFO: [ app_end ] --START--
INFO: Run Behavior\ShowPageTrace [ RunTime:0.001175s ]
INFO: [ app_end ] --END-- [ RunTime:0.001307s ]

[ 2016-02-22T15:18:53+08:00 ] ::1 /myblog/MyAdmin-Article-index
INFO: [ app_init ] --START--
INFO: Run Behavior\BuildLite [ RunTime:0.000033s ]
INFO: [ app_init ] --END-- [ RunTime:0.000640s ]
INFO: [ app_begin ] --START--
INFO: Run Behavior\ReadHtmlCache [ RunTime:0.001970s ]
INFO: [ app_begin ] --END-- [ RunTime:0.002280s ]
SQL: SHOW COLUMNS FROM `xxf_config` [ RunTime:0.0081s ]
SQL: SELECT `admin_page` FROM `xxf_config` LIMIT 1   [ RunTime:0.0004s ]
SQL: SHOW COLUMNS FROM `xxf_article` [ RunTime:0.0358s ]
NOTIC: [8] Undefined index: where D:\wamp\www\myblog\Application\MyAdmin\Model\ArticleModel.class.php 第 38 行.
SQL: SELECT COUNT(*) AS tp_count FROM xxf_article art LIMIT 1   [ RunTime:0.0003s ]
NOTIC: [8] Undefined index: parameter D:\wamp\www\myblog\Application\MyAdmin\Model\ArticleModel.class.php 第 39 行.
NOTIC: [8] Undefined index: where D:\wamp\www\myblog\Application\MyAdmin\Model\ArticleModel.class.php 第 45 行.
SQL: SELECT art.*,art_cate.name cate_name,art_cate.status cate_status FROM xxf_article art LEFT JOIN xxf_article_category art_cate ON art_cate.id = art.cate_id AND art_cate.status < 9  ORDER BY is_top DESC,create_time DESC LIMIT 0,10   [ RunTime:0.0067s ]
INFO: [ view_parse ] --START--
INFO: [ template_filter ] --START--
INFO: Run Behavior\ContentReplace [ RunTime:0.000174s ]
INFO: [ template_filter ] --END-- [ RunTime:0.000340s ]
NOTIC: [8] Undefined index: title D:\wamp\www\myblog\Application\Runtime\Cache\MyAdmin\5ff8ccfcf9d56d258e715b436a59d7ad.php 第 89 行.
INFO: Run Behavior\ParseTemplate [ RunTime:0.033112s ]
INFO: [ view_parse ] --END-- [ RunTime:0.033456s ]
INFO: [ view_filter ] --START--
INFO: Run Behavior\WriteHtmlCache [ RunTime:0.001118s ]
INFO: [ view_filter ] --END-- [ RunTime:0.001268s ]
INFO: [ app_end ] --START--
INFO: Run Behavior\ShowPageTrace [ RunTime:0.001807s ]
INFO: [ app_end ] --END-- [ RunTime:0.001997s ]

[ 2016-02-22T15:18:54+08:00 ] ::1 /myblog/MyAdmin-ArticleCategory-index
INFO: [ app_init ] --START--
INFO: Run Behavior\BuildLite [ RunTime:0.000041s ]
INFO: [ app_init ] --END-- [ RunTime:0.001113s ]
INFO: [ app_begin ] --START--
INFO: Run Behavior\ReadHtmlCache [ RunTime:0.001221s ]
INFO: [ app_begin ] --END-- [ RunTime:0.001461s ]
SQL: SHOW COLUMNS FROM `xxf_article_category` [ RunTime:0.0073s ]
SQL: SELECT * FROM `xxf_article_category` WHERE `parent_id` = 0 ORDER BY sort DESC  [ RunTime:0.0007s ]
SQL: SELECT * FROM `xxf_article_category` WHERE `parent_id` = 49 ORDER BY sort DESC  [ RunTime:0.0005s ]
SQL: SELECT * FROM `xxf_article_category` WHERE `parent_id` = 52 ORDER BY sort DESC  [ RunTime:0.0003s ]
SQL: SELECT * FROM `xxf_article_category` WHERE `parent_id` = 51 ORDER BY sort DESC  [ RunTime:0.0003s ]
NOTIC: [8] Undefined index: description D:\wamp\www\myblog\ThinkPHP_3.2.3\Library\Think\Tree.class.php 第 58 行.
NOTIC: [8] Undefined index: keywords D:\wamp\www\myblog\ThinkPHP_3.2.3\Library\Think\Tree.class.php 第 58 行.
NOTIC: [8] Undefined index: description D:\wamp\www\myblog\ThinkPHP_3.2.3\Library\Think\Tree.class.php 第 58 行.
NOTIC: [8] Undefined index: keywords D:\wamp\www\myblog\ThinkPHP_3.2.3\Library\Think\Tree.class.php 第 58 行.
NOTIC: [8] Undefined index: description D:\wamp\www\myblog\ThinkPHP_3.2.3\Library\Think\Tree.class.php 第 58 行.
NOTIC: [8] Undefined index: keywords D:\wamp\www\myblog\ThinkPHP_3.2.3\Library\Think\Tree.class.php 第 58 行.
INFO: [ view_parse ] --START--
INFO: [ template_filter ] --START--
INFO: Run Behavior\ContentReplace [ RunTime:0.000142s ]
INFO: [ template_filter ] --END-- [ RunTime:0.000302s ]
INFO: Run Behavior\ParseTemplate [ RunTime:0.022497s ]
INFO: [ view_parse ] --END-- [ RunTime:0.022657s ]
INFO: [ view_filter ] --START--
INFO: Run Behavior\WriteHtmlCache [ RunTime:0.001175s ]
INFO: [ view_filter ] --END-- [ RunTime:0.001424s ]
INFO: [ app_end ] --START--
INFO: Run Behavior\ShowPageTrace [ RunTime:0.002039s ]
INFO: [ app_end ] --END-- [ RunTime:0.002243s ]

[ 2016-02-22T15:19:12+08:00 ] ::1 /myblog/MyAdmin-ArticleCategory-update-model-ArticleCategory-alias-ac-id-51
INFO: [ app_init ] --START--
INFO: Run Behavior\BuildLite [ RunTime:0.000035s ]
INFO: [ app_init ] --END-- [ RunTime:0.000721s ]
INFO: [ app_begin ] --START--
INFO: Run Behavior\ReadHtmlCache [ RunTime:0.001697s ]
INFO: [ app_begin ] --END-- [ RunTime:0.001876s ]
SQL: SHOW COLUMNS FROM `xxf_article_category` [ RunTime:0.0080s ]
SQL: SELECT ac.* FROM xxf_article_category ac WHERE ac.id = '51' LIMIT 1   [ RunTime:0.0004s ]
SQL: SELECT ac.* FROM xxf_article_category ac WHERE ac.id = '51' LIMIT 1   [ RunTime:0.0003s ]
SQL: SELECT * FROM `xxf_article_category` WHERE `parent_id` = 0 ORDER BY sort DESC  [ RunTime:0.0003s ]
SQL: SELECT * FROM `xxf_article_category` WHERE `parent_id` = 49 ORDER BY sort DESC  [ RunTime:0.0002s ]
SQL: SELECT * FROM `xxf_article_category` WHERE `parent_id` = 52 ORDER BY sort DESC  [ RunTime:0.0002s ]
SQL: SELECT * FROM `xxf_article_category` WHERE `parent_id` = 51 ORDER BY sort DESC  [ RunTime:0.0002s ]
INFO: [ view_parse ] --START--
INFO: [ template_filter ] --START--
INFO: Run Behavior\ContentReplace [ RunTime:0.000170s ]
INFO: [ template_filter ] --END-- [ RunTime:0.000317s ]
NOTIC: [8] Undefined index: cate_url D:\wamp\www\myblog\Application\Runtime\Cache\MyAdmin\14a6ba72e5b253134fa211f582b44fb4.php 第 113 行.
INFO: Run Behavior\ParseTemplate [ RunTime:0.022190s ]
INFO: [ view_parse ] --END-- [ RunTime:0.022359s ]
INFO: [ view_filter ] --START--
INFO: Run Behavior\WriteHtmlCache [ RunTime:0.001129s ]
INFO: [ view_filter ] --END-- [ RunTime:0.001274s ]
INFO: [ app_end ] --START--
INFO: Run Behavior\ShowPageTrace [ RunTime:0.001407s ]
INFO: [ app_end ] --END-- [ RunTime:0.001565s ]

[ 2016-02-22T15:19:15+08:00 ] ::1 /myblog/MyAdmin-ArticleCategory-index
INFO: [ app_init ] --START--
INFO: Run Behavior\BuildLite [ RunTime:0.000034s ]
INFO: [ app_init ] --END-- [ RunTime:0.000705s ]
INFO: [ app_begin ] --START--
INFO: Run Behavior\ReadHtmlCache [ RunTime:0.001026s ]
INFO: [ app_begin ] --END-- [ RunTime:0.001189s ]
SQL: SHOW COLUMNS FROM `xxf_article_category` [ RunTime:0.0151s ]
SQL: SELECT * FROM `xxf_article_category` WHERE `parent_id` = 0 ORDER BY sort DESC  [ RunTime:0.0004s ]
SQL: SELECT * FROM `xxf_article_category` WHERE `parent_id` = 49 ORDER BY sort DESC  [ RunTime:0.0003s ]
SQL: SELECT * FROM `xxf_article_category` WHERE `parent_id` = 52 ORDER BY sort DESC  [ RunTime:0.0002s ]
SQL: SELECT * FROM `xxf_article_category` WHERE `parent_id` = 51 ORDER BY sort DESC  [ RunTime:0.0003s ]
NOTIC: [8] Undefined index: description D:\wamp\www\myblog\ThinkPHP_3.2.3\Library\Think\Tree.class.php 第 58 行.
NOTIC: [8] Undefined index: keywords D:\wamp\www\myblog\ThinkPHP_3.2.3\Library\Think\Tree.class.php 第 58 行.
NOTIC: [8] Undefined index: description D:\wamp\www\myblog\ThinkPHP_3.2.3\Library\Think\Tree.class.php 第 58 行.
NOTIC: [8] Undefined index: keywords D:\wamp\www\myblog\ThinkPHP_3.2.3\Library\Think\Tree.class.php 第 58 行.
NOTIC: [8] Undefined index: description D:\wamp\www\myblog\ThinkPHP_3.2.3\Library\Think\Tree.class.php 第 58 行.
NOTIC: [8] Undefined index: keywords D:\wamp\www\myblog\ThinkPHP_3.2.3\Library\Think\Tree.class.php 第 58 行.
INFO: [ view_parse ] --START--
INFO: [ template_filter ] --START--
INFO: Run Behavior\ContentReplace [ RunTime:0.000209s ]
INFO: [ template_filter ] --END-- [ RunTime:0.000411s ]
INFO: Run Behavior\ParseTemplate [ RunTime:0.026145s ]
INFO: [ view_parse ] --END-- [ RunTime:0.026404s ]
INFO: [ view_filter ] --START--
INFO: Run Behavior\WriteHtmlCache [ RunTime:0.000906s ]
INFO: [ view_filter ] --END-- [ RunTime:0.001118s ]
INFO: [ app_end ] --START--
INFO: Run Behavior\ShowPageTrace [ RunTime:0.001093s ]
INFO: [ app_end ] --END-- [ RunTime:0.001244s ]

[ 2016-02-22T15:19:18+08:00 ] ::1 /myblog/MyAdmin-Config-update
INFO: [ app_init ] --START--
INFO: Run Behavior\BuildLite [ RunTime:0.000039s ]
INFO: [ app_init ] --END-- [ RunTime:0.001073s ]
INFO: [ app_begin ] --START--
INFO: Run Behavior\ReadHtmlCache [ RunTime:0.001107s ]
INFO: [ app_begin ] --END-- [ RunTime:0.001319s ]
NOTIC: [8] Undefined index: id D:\wamp\www\myblog\Application\MyAdmin\Controller\BaseController.class.php 第 84 行.
SQL: SHOW COLUMNS FROM `xxf_config` [ RunTime:0.0075s ]
SQL: SELECT * FROM `xxf_config` WHERE `id` = 1 LIMIT 1   [ RunTime:0.0006s ]
INFO: [ view_parse ] --START--
INFO: [ template_filter ] --START--
INFO: Run Behavior\ContentReplace [ RunTime:0.000170s ]
INFO: [ template_filter ] --END-- [ RunTime:0.000338s ]
INFO: Run Behavior\ParseTemplate [ RunTime:0.026915s ]
INFO: [ view_parse ] --END-- [ RunTime:0.027193s ]
INFO: [ view_filter ] --START--
INFO: Run Behavior\WriteHtmlCache [ RunTime:0.000866s ]
INFO: [ view_filter ] --END-- [ RunTime:0.001069s ]
INFO: [ app_end ] --START--
INFO: Run Behavior\ShowPageTrace [ RunTime:0.001613s ]
INFO: [ app_end ] --END-- [ RunTime:0.001820s ]

[ 2016-02-22T15:19:22+08:00 ] ::1 /myblog/MyAdmin-Nav-index
INFO: [ app_init ] --START--
INFO: Run Behavior\BuildLite [ RunTime:0.000066s ]
INFO: [ app_init ] --END-- [ RunTime:0.001190s ]
INFO: [ app_begin ] --START--
INFO: Run Behavior\ReadHtmlCache [ RunTime:0.000932s ]
INFO: [ app_begin ] --END-- [ RunTime:0.001080s ]
SQL: SHOW COLUMNS FROM `xxf_config` [ RunTime:0.0075s ]
SQL: SELECT `admin_page` FROM `xxf_config` LIMIT 1   [ RunTime:0.0004s ]
SQL: SHOW COLUMNS FROM `xxf_nav` [ RunTime:0.0056s ]
NOTIC: [8] Undefined index: where D:\wamp\www\myblog\Application\MyAdmin\Model\NavModel.class.php 第 28 行.
SQL: SELECT COUNT(*) AS tp_count FROM xxf_nav n LIMIT 1   [ RunTime:0.0003s ]
NOTIC: [8] Undefined index: parameter D:\wamp\www\myblog\Application\MyAdmin\Model\NavModel.class.php 第 29 行.
NOTIC: [8] Undefined index: where D:\wamp\www\myblog\Application\MyAdmin\Model\NavModel.class.php 第 35 行.
SQL: SELECT n.* FROM xxf_nav n ORDER BY sort DESC LIMIT 0,10   [ RunTime:0.0003s ]
INFO: [ view_parse ] --START--
INFO: [ template_filter ] --START--
INFO: Run Behavior\ContentReplace [ RunTime:0.000316s ]
INFO: [ template_filter ] --END-- [ RunTime:0.000660s ]
INFO: Run Behavior\ParseTemplate [ RunTime:0.030660s ]
INFO: [ view_parse ] --END-- [ RunTime:0.030815s ]
INFO: [ view_filter ] --START--
INFO: Run Behavior\WriteHtmlCache [ RunTime:0.000691s ]
INFO: [ view_filter ] --END-- [ RunTime:0.000830s ]
INFO: [ app_end ] --START--
INFO: Run Behavior\ShowPageTrace [ RunTime:0.000983s ]
INFO: [ app_end ] --END-- [ RunTime:0.001125s ]

