[ 2016-03-07T17:05:34+08:00 ] ::1 /myblog/Admin
INFO: [ app_init ] --START--
INFO: Run Behavior\BuildLite [ RunTime:0.000044s ]
INFO: [ app_init ] --END-- [ RunTime:0.000824s ]
INFO: [ app_begin ] --START--
INFO: Run Behavior\ReadHtmlCache [ RunTime:0.002624s ]
INFO: [ app_begin ] --END-- [ RunTime:0.003157s ]

[ 2016-03-07T17:05:34+08:00 ] ::1 /myblog/Admin-Login-index
INFO: [ app_init ] --START--
INFO: Run Behavior\BuildLite [ RunTime:0.000050s ]
INFO: [ app_init ] --END-- [ RunTime:0.000900s ]
INFO: [ app_begin ] --START--
INFO: Run Behavior\ReadHtmlCache [ RunTime:0.001331s ]
INFO: [ app_begin ] --END-- [ RunTime:0.001561s ]
INFO: [ view_parse ] --START--
INFO: [ template_filter ] --START--
INFO: Run Behavior\ContentReplace [ RunTime:0.000285s ]
INFO: [ template_filter ] --END-- [ RunTime:0.000662s ]
NOTIC: [8] Undefined variable: title D:\wamp\www\myblog\Application\Runtime\Cache\Admin\32ec6c906c117a7c2bf504769276d87a.php 第 6 行.
NOTIC: [8] Undefined variable: description D:\wamp\www\myblog\Application\Runtime\Cache\Admin\32ec6c906c117a7c2bf504769276d87a.php 第 7 行.
NOTIC: [8] Undefined variable: keywords D:\wamp\www\myblog\Application\Runtime\Cache\Admin\32ec6c906c117a7c2bf504769276d87a.php 第 8 行.
INFO: Run Behavior\ParseTemplate [ RunTime:0.039253s ]
INFO: [ view_parse ] --END-- [ RunTime:0.039737s ]
INFO: [ view_filter ] --START--
INFO: Run Behavior\WriteHtmlCache [ RunTime:0.002036s ]
INFO: [ view_filter ] --END-- [ RunTime:0.002503s ]
INFO: [ app_end ] --START--
INFO: Run Behavior\ShowPageTrace [ RunTime:0.002407s ]
INFO: [ app_end ] --END-- [ RunTime:0.002772s ]

[ 2016-03-07T17:05:34+08:00 ] ::1 /myblog/Admin-Login-verify
INFO: [ app_init ] --START--
INFO: Run Behavior\BuildLite [ RunTime:0.000053s ]
INFO: [ app_init ] --END-- [ RunTime:0.000924s ]
INFO: [ app_begin ] --START--
INFO: Run Behavior\ReadHtmlCache [ RunTime:0.001696s ]
INFO: [ app_begin ] --END-- [ RunTime:0.001965s ]
INFO: [ app_end ] --START--
INFO: Run Behavior\ShowPageTrace [ RunTime:0.001533s ]
INFO: [ app_end ] --END-- [ RunTime:0.001725s ]

[ 2016-03-07T17:05:38+08:00 ] ::1 /myblog/Admin-Login-index
INFO: [ app_init ] --START--
INFO: Run Behavior\BuildLite [ RunTime:0.000040s ]
INFO: [ app_init ] --END-- [ RunTime:0.000624s ]
INFO: [ app_begin ] --START--
INFO: Run Behavior\ReadHtmlCache [ RunTime:0.001329s ]
INFO: [ app_begin ] --END-- [ RunTime:0.001474s ]
SQL: SHOW COLUMNS FROM `xxf_user` [ RunTime:0.2608s ]
SQL: SELECT * FROM `xxf_user` WHERE `password` = '21232f297a57a5a743894a0e4a801fc3' LIMIT 1   [ RunTime:0.0009s ]

[ 2016-03-07T17:05:38+08:00 ] ::1 /myblog/Admin-Index-index
INFO: [ app_init ] --START--
INFO: Run Behavior\BuildLite [ RunTime:0.000038s ]
INFO: [ app_init ] --END-- [ RunTime:0.000628s ]
INFO: [ app_begin ] --START--
INFO: Run Behavior\ReadHtmlCache [ RunTime:0.002015s ]
INFO: [ app_begin ] --END-- [ RunTime:0.002351s ]
INFO: [ view_parse ] --START--
INFO: [ template_filter ] --START--
INFO: Run Behavior\ContentReplace [ RunTime:0.000255s ]
INFO: [ template_filter ] --END-- [ RunTime:0.000584s ]
INFO: Run Behavior\ParseTemplate [ RunTime:0.046768s ]
INFO: [ view_parse ] --END-- [ RunTime:0.046983s ]
INFO: [ view_filter ] --START--
INFO: Run Behavior\WriteHtmlCache [ RunTime:0.001251s ]
INFO: [ view_filter ] --END-- [ RunTime:0.001418s ]
INFO: [ app_end ] --START--
INFO: Run Behavior\ShowPageTrace [ RunTime:0.001607s ]
INFO: [ app_end ] --END-- [ RunTime:0.001859s ]

[ 2016-03-07T17:05:41+08:00 ] ::1 /myblog/Admin-Nav-index
INFO: [ app_init ] --START--
INFO: Run Behavior\BuildLite [ RunTime:0.000042s ]
INFO: [ app_init ] --END-- [ RunTime:0.000740s ]
INFO: [ app_begin ] --START--
INFO: Run Behavior\ReadHtmlCache [ RunTime:0.001145s ]
INFO: [ app_begin ] --END-- [ RunTime:0.001371s ]
SQL: SHOW COLUMNS FROM `xxf_config` [ RunTime:0.0109s ]
SQL: SELECT `admin_page` FROM `xxf_config` LIMIT 1   [ RunTime:0.0004s ]
SQL: SHOW COLUMNS FROM `xxf_nav` [ RunTime:0.0145s ]
NOTIC: [8] Undefined index: where D:\wamp\www\myblog\Application\Admin\Model\NavModel.class.php 第 28 行.
SQL: SELECT COUNT(*) AS tp_count FROM xxf_nav n LIMIT 1   [ RunTime:0.0007s ]
NOTIC: [8] Undefined index: parameter D:\wamp\www\myblog\Application\Admin\Model\NavModel.class.php 第 29 行.
NOTIC: [8] Undefined index: where D:\wamp\www\myblog\Application\Admin\Model\NavModel.class.php 第 35 行.
SQL: SELECT n.* FROM xxf_nav n ORDER BY sort DESC LIMIT 0,15   [ RunTime:0.0005s ]
INFO: [ view_parse ] --START--
INFO: [ template_filter ] --START--
INFO: Run Behavior\ContentReplace [ RunTime:0.000266s ]
INFO: [ template_filter ] --END-- [ RunTime:0.000536s ]
INFO: Run Behavior\ParseTemplate [ RunTime:0.089467s ]
INFO: [ view_parse ] --END-- [ RunTime:0.089732s ]
INFO: [ view_filter ] --START--
INFO: Run Behavior\WriteHtmlCache [ RunTime:0.001260s ]
INFO: [ view_filter ] --END-- [ RunTime:0.001572s ]
INFO: [ app_end ] --START--
INFO: Run Behavior\ShowPageTrace [ RunTime:0.001489s ]
INFO: [ app_end ] --END-- [ RunTime:0.001803s ]

[ 2016-03-07T17:05:41+08:00 ] ::1 /myblog/Admin-Nav-index
INFO: [ app_init ] --START--
INFO: Run Behavior\BuildLite [ RunTime:0.000041s ]
INFO: [ app_init ] --END-- [ RunTime:0.000694s ]
INFO: [ app_begin ] --START--
INFO: Run Behavior\ReadHtmlCache [ RunTime:0.001360s ]
INFO: [ app_begin ] --END-- [ RunTime:0.001552s ]
SQL: SHOW COLUMNS FROM `xxf_config` [ RunTime:0.0077s ]
SQL: SELECT `admin_page` FROM `xxf_config` LIMIT 1   [ RunTime:0.0004s ]
SQL: SHOW COLUMNS FROM `xxf_nav` [ RunTime:0.0088s ]
NOTIC: [8] Undefined index: where D:\wamp\www\myblog\Application\Admin\Model\NavModel.class.php 第 28 行.
SQL: SELECT COUNT(*) AS tp_count FROM xxf_nav n LIMIT 1   [ RunTime:0.0004s ]
NOTIC: [8] Undefined index: parameter D:\wamp\www\myblog\Application\Admin\Model\NavModel.class.php 第 29 行.
NOTIC: [8] Undefined index: where D:\wamp\www\myblog\Application\Admin\Model\NavModel.class.php 第 35 行.
SQL: SELECT n.* FROM xxf_nav n ORDER BY sort DESC LIMIT 0,15   [ RunTime:0.0005s ]
INFO: [ view_parse ] --START--
INFO: [ template_filter ] --START--
INFO: Run Behavior\ContentReplace [ RunTime:0.000201s ]
INFO: [ template_filter ] --END-- [ RunTime:0.000384s ]
INFO: Run Behavior\ParseTemplate [ RunTime:0.038647s ]
INFO: [ view_parse ] --END-- [ RunTime:0.038854s ]
INFO: [ view_filter ] --START--
INFO: Run Behavior\WriteHtmlCache [ RunTime:0.001746s ]
INFO: [ view_filter ] --END-- [ RunTime:0.002008s ]
INFO: [ app_end ] --START--
INFO: Run Behavior\ShowPageTrace [ RunTime:0.001625s ]
INFO: [ app_end ] --END-- [ RunTime:0.001870s ]

[ 2016-03-07T17:05:46+08:00 ] ::1 /myblog/Admin-Nav-onOff
INFO: [ app_init ] --START--
INFO: Run Behavior\BuildLite [ RunTime:0.000039s ]
INFO: [ app_init ] --END-- [ RunTime:0.000642s ]
INFO: [ app_begin ] --START--
INFO: Run Behavior\ReadHtmlCache [ RunTime:0.001329s ]
INFO: [ app_begin ] --END-- [ RunTime:0.001476s ]
SQL: SHOW COLUMNS FROM `xxf_nav` [ RunTime:0.0067s ]
SQL: UPDATE `xxf_nav` SET `status`='1' WHERE `id` = 3 [ RunTime:0.0005s ]
NOTIC: [2] unlink(./Application/Runtime/Temp/xxf_98db506838b53dfaa30e1acc96c24e97.php): No such file or directory D:\wamp\www\myblog\ThinkPHP_3.2.3\Library\Think\Cache\Driver\File.class.php 第 157 行.

[ 2016-03-07T17:05:49+08:00 ] ::1 /myblog/Admin-Nav-update-model-Nav-alias-n-id-3
INFO: [ app_init ] --START--
INFO: Run Behavior\BuildLite [ RunTime:0.000040s ]
INFO: [ app_init ] --END-- [ RunTime:0.000686s ]
INFO: [ app_begin ] --START--
INFO: Run Behavior\ReadHtmlCache [ RunTime:0.002964s ]
INFO: [ app_begin ] --END-- [ RunTime:0.003500s ]
SQL: SHOW COLUMNS FROM `xxf_nav` [ RunTime:0.0113s ]
SQL: SELECT n.* FROM xxf_nav n WHERE n.id = '3' LIMIT 1   [ RunTime:0.0010s ]
INFO: [ view_parse ] --START--
INFO: [ template_filter ] --START--
INFO: Run Behavior\ContentReplace [ RunTime:0.000197s ]
INFO: [ template_filter ] --END-- [ RunTime:0.000384s ]
INFO: Run Behavior\ParseTemplate [ RunTime:0.093929s ]
INFO: [ view_parse ] --END-- [ RunTime:0.094271s ]
INFO: [ view_filter ] --START--
INFO: Run Behavior\WriteHtmlCache [ RunTime:0.001320s ]
INFO: [ view_filter ] --END-- [ RunTime:0.001575s ]
INFO: [ app_end ] --START--
INFO: Run Behavior\ShowPageTrace [ RunTime:0.002587s ]
INFO: [ app_end ] --END-- [ RunTime:0.002969s ]

[ 2016-03-07T17:06:08+08:00 ] ::1 /myblog/Admin-Nav-update
INFO: [ app_init ] --START--
INFO: Run Behavior\BuildLite [ RunTime:0.000051s ]
INFO: [ app_init ] --END-- [ RunTime:0.000703s ]
INFO: [ app_begin ] --START--
INFO: Run Behavior\ReadHtmlCache [ RunTime:0.002272s ]
INFO: [ app_begin ] --END-- [ RunTime:0.002606s ]
SQL: SHOW COLUMNS FROM `xxf_nav` [ RunTime:0.0090s ]
SQL: UPDATE `xxf_nav` SET `id`='3',`name`='访客',`url`='/myblog/Friend',`active`='Friend' WHERE `id` = 3 [ RunTime:0.0006s ]
INFO: [ view_parse ] --START--
INFO: [ template_filter ] --START--
INFO: Run Behavior\ContentReplace [ RunTime:0.000212s ]
INFO: [ template_filter ] --END-- [ RunTime:0.000555s ]
INFO: Run Behavior\ParseTemplate [ RunTime:0.039858s ]
INFO: [ view_parse ] --END-- [ RunTime:0.040144s ]
INFO: [ view_filter ] --START--
INFO: Run Behavior\WriteHtmlCache [ RunTime:0.001572s ]
INFO: [ view_filter ] --END-- [ RunTime:0.001898s ]
INFO: [ app_end ] --START--
INFO: Run Behavior\ShowPageTrace [ RunTime:0.001906s ]
INFO: [ app_end ] --END-- [ RunTime:0.002154s ]

[ 2016-03-07T17:06:09+08:00 ] ::1 /myblog/Admin-Nav-index
INFO: [ app_init ] --START--
INFO: Run Behavior\BuildLite [ RunTime:0.000056s ]
INFO: [ app_init ] --END-- [ RunTime:0.000948s ]
INFO: [ app_begin ] --START--
INFO: Run Behavior\ReadHtmlCache [ RunTime:0.001451s ]
INFO: [ app_begin ] --END-- [ RunTime:0.001639s ]
SQL: SHOW COLUMNS FROM `xxf_config` [ RunTime:0.0072s ]
SQL: SELECT `admin_page` FROM `xxf_config` LIMIT 1   [ RunTime:0.0003s ]
SQL: SHOW COLUMNS FROM `xxf_nav` [ RunTime:0.0063s ]
NOTIC: [8] Undefined index: where D:\wamp\www\myblog\Application\Admin\Model\NavModel.class.php 第 28 行.
SQL: SELECT COUNT(*) AS tp_count FROM xxf_nav n LIMIT 1   [ RunTime:0.0004s ]
NOTIC: [8] Undefined index: parameter D:\wamp\www\myblog\Application\Admin\Model\NavModel.class.php 第 29 行.
NOTIC: [8] Undefined index: where D:\wamp\www\myblog\Application\Admin\Model\NavModel.class.php 第 35 行.
SQL: SELECT n.* FROM xxf_nav n ORDER BY sort DESC LIMIT 0,15   [ RunTime:0.0005s ]
INFO: [ view_parse ] --START--
INFO: [ template_filter ] --START--
INFO: Run Behavior\ContentReplace [ RunTime:0.000187s ]
INFO: [ template_filter ] --END-- [ RunTime:0.000372s ]
INFO: Run Behavior\ParseTemplate [ RunTime:0.036815s ]
INFO: [ view_parse ] --END-- [ RunTime:0.037004s ]
INFO: [ view_filter ] --START--
INFO: Run Behavior\WriteHtmlCache [ RunTime:0.001373s ]
INFO: [ view_filter ] --END-- [ RunTime:0.001547s ]
INFO: [ app_end ] --START--
INFO: Run Behavior\ShowPageTrace [ RunTime:0.001495s ]
INFO: [ app_end ] --END-- [ RunTime:0.001666s ]

