[ 2016-03-02T12:55:11+08:00 ] ::1 /myblog/Admin
INFO: [ app_init ] --START--
INFO: Run Behavior\BuildLite [ RunTime:0.000150s ]
INFO: [ app_init ] --END-- [ RunTime:0.016284s ]
INFO: [ app_begin ] --START--
INFO: Run Behavior\ReadHtmlCache [ RunTime:0.018100s ]
INFO: [ app_begin ] --END-- [ RunTime:0.018412s ]

[ 2016-03-02T12:55:11+08:00 ] ::1 /myblog/Admin-Login-index
INFO: [ app_init ] --START--
INFO: Run Behavior\BuildLite [ RunTime:0.000055s ]
INFO: [ app_init ] --END-- [ RunTime:0.000904s ]
INFO: [ app_begin ] --START--
INFO: Run Behavior\ReadHtmlCache [ RunTime:0.001520s ]
INFO: [ app_begin ] --END-- [ RunTime:0.001753s ]
INFO: [ view_parse ] --START--
INFO: [ template_filter ] --START--
INFO: Run Behavior\ContentReplace [ RunTime:0.000137s ]
INFO: [ template_filter ] --END-- [ RunTime:0.000304s ]
NOTIC: [8] Undefined variable: title D:\wamp\www\myblog\Application\Runtime\Cache\Admin\32ec6c906c117a7c2bf504769276d87a.php 第 6 行.
NOTIC: [8] Undefined variable: description D:\wamp\www\myblog\Application\Runtime\Cache\Admin\32ec6c906c117a7c2bf504769276d87a.php 第 7 行.
NOTIC: [8] Undefined variable: keywords D:\wamp\www\myblog\Application\Runtime\Cache\Admin\32ec6c906c117a7c2bf504769276d87a.php 第 8 行.
INFO: Run Behavior\ParseTemplate [ RunTime:0.077788s ]
INFO: [ view_parse ] --END-- [ RunTime:0.077960s ]
INFO: [ view_filter ] --START--
INFO: Run Behavior\WriteHtmlCache [ RunTime:0.017640s ]
INFO: [ view_filter ] --END-- [ RunTime:0.017866s ]
INFO: [ app_end ] --START--
INFO: Run Behavior\ShowPageTrace [ RunTime:0.084919s ]
INFO: [ app_end ] --END-- [ RunTime:0.085203s ]

[ 2016-03-02T12:55:11+08:00 ] ::1 /myblog/Admin-Login-verify
INFO: [ app_init ] --START--
INFO: Run Behavior\BuildLite [ RunTime:0.000073s ]
INFO: [ app_init ] --END-- [ RunTime:0.001286s ]
INFO: [ app_begin ] --START--
INFO: Run Behavior\ReadHtmlCache [ RunTime:0.002781s ]
INFO: [ app_begin ] --END-- [ RunTime:0.003137s ]
INFO: [ app_end ] --START--
INFO: Run Behavior\ShowPageTrace [ RunTime:0.002724s ]
INFO: [ app_end ] --END-- [ RunTime:0.002993s ]

[ 2016-03-02T12:55:16+08:00 ] ::1 /myblog/Admin-Login-index
INFO: [ app_init ] --START--
INFO: Run Behavior\BuildLite [ RunTime:0.000036s ]
INFO: [ app_init ] --END-- [ RunTime:0.000677s ]
INFO: [ app_begin ] --START--
INFO: Run Behavior\ReadHtmlCache [ RunTime:0.001259s ]
INFO: [ app_begin ] --END-- [ RunTime:0.001391s ]
SQL: SHOW COLUMNS FROM `xxf_user` [ RunTime:0.1327s ]
SQL: SELECT * FROM `xxf_user` WHERE `password` = '21232f297a57a5a743894a0e4a801fc3' LIMIT 1   [ RunTime:0.0003s ]

[ 2016-03-02T12:55:16+08:00 ] ::1 /myblog/Admin-Index-index
INFO: [ app_init ] --START--
INFO: Run Behavior\BuildLite [ RunTime:0.000037s ]
INFO: [ app_init ] --END-- [ RunTime:0.000877s ]
INFO: [ app_begin ] --START--
INFO: Run Behavior\ReadHtmlCache [ RunTime:0.001635s ]
INFO: [ app_begin ] --END-- [ RunTime:0.001862s ]
INFO: [ view_parse ] --START--
INFO: [ template_filter ] --START--
INFO: Run Behavior\ContentReplace [ RunTime:0.000161s ]
INFO: [ template_filter ] --END-- [ RunTime:0.000329s ]
INFO: Run Behavior\ParseTemplate [ RunTime:0.041161s ]
INFO: [ view_parse ] --END-- [ RunTime:0.041344s ]
INFO: [ view_filter ] --START--
INFO: Run Behavior\WriteHtmlCache [ RunTime:0.000970s ]
INFO: [ view_filter ] --END-- [ RunTime:0.001103s ]
INFO: [ app_end ] --START--
INFO: Run Behavior\ShowPageTrace [ RunTime:0.001181s ]
INFO: [ app_end ] --END-- [ RunTime:0.001315s ]

[ 2016-03-02T12:55:18+08:00 ] ::1 /myblog/Admin-Article-index
INFO: [ app_init ] --START--
INFO: Run Behavior\BuildLite [ RunTime:0.000057s ]
INFO: [ app_init ] --END-- [ RunTime:0.000944s ]
INFO: [ app_begin ] --START--
INFO: Run Behavior\ReadHtmlCache [ RunTime:0.001911s ]
INFO: [ app_begin ] --END-- [ RunTime:0.002238s ]

[ 2016-03-02T12:55:47+08:00 ] ::1 /myblog/Admin-Article-index
INFO: [ app_init ] --START--
INFO: Run Behavior\BuildLite [ RunTime:0.000066s ]
INFO: [ app_init ] --END-- [ RunTime:0.001088s ]
INFO: [ app_begin ] --START--
INFO: Run Behavior\ReadHtmlCache [ RunTime:0.001835s ]
INFO: [ app_begin ] --END-- [ RunTime:0.002127s ]
SQL: SHOW COLUMNS FROM `xxf_config` [ RunTime:0.0576s ]
SQL: SELECT `admin_page` FROM `xxf_config` LIMIT 1   [ RunTime:0.0004s ]
SQL: SHOW COLUMNS FROM `xxf_article` [ RunTime:0.0626s ]
NOTIC: [8] Undefined index: where D:\wamp\www\myblog\Application\Admin\Model\ArticleModel.class.php 第 38 行.
SQL: SELECT COUNT(*) AS tp_count FROM xxf_article art LIMIT 1   [ RunTime:0.0002s ]
NOTIC: [8] Undefined index: parameter D:\wamp\www\myblog\Application\Admin\Model\ArticleModel.class.php 第 39 行.
NOTIC: [8] Undefined index: where D:\wamp\www\myblog\Application\Admin\Model\ArticleModel.class.php 第 45 行.
SQL: SELECT art.*,art_cate.name cate_name,art_cate.status cate_status FROM xxf_article art LEFT JOIN xxf_article_category art_cate ON art_cate.id = art.cate_id AND art_cate.status < 9  ORDER BY is_top DESC,create_time DESC LIMIT 0,10   [ RunTime:0.8118s ]
INFO: [ view_parse ] --START--
INFO: [ template_filter ] --START--
INFO: Run Behavior\ContentReplace [ RunTime:0.000164s ]
INFO: [ template_filter ] --END-- [ RunTime:0.000339s ]
NOTIC: [8] Undefined index: title D:\wamp\www\myblog\Application\Runtime\Cache\Admin\7a4184ffe8f804b12b2e7f8851dd8f7d.php 第 89 行.
INFO: Run Behavior\ParseTemplate [ RunTime:0.062919s ]
INFO: [ view_parse ] --END-- [ RunTime:0.063081s ]
INFO: [ view_filter ] --START--
INFO: Run Behavior\WriteHtmlCache [ RunTime:0.001032s ]
INFO: [ view_filter ] --END-- [ RunTime:0.001168s ]
INFO: [ app_end ] --START--
INFO: Run Behavior\ShowPageTrace [ RunTime:0.001309s ]
INFO: [ app_end ] --END-- [ RunTime:0.001475s ]

[ 2016-03-02T12:55:48+08:00 ] ::1 /myblog/Admin-ArticleCategory-index
INFO: [ app_init ] --START--
INFO: Run Behavior\BuildLite [ RunTime:0.000038s ]
INFO: [ app_init ] --END-- [ RunTime:0.000699s ]
INFO: [ app_begin ] --START--
INFO: Run Behavior\ReadHtmlCache [ RunTime:0.001396s ]
INFO: [ app_begin ] --END-- [ RunTime:0.001555s ]
SQL: SHOW COLUMNS FROM `xxf_article_category` [ RunTime:0.0065s ]
SQL: SELECT * FROM `xxf_article_category` WHERE `parent_id` = 0 ORDER BY sort DESC  [ RunTime:0.0005s ]
SQL: SELECT * FROM `xxf_article_category` WHERE `parent_id` = 49 ORDER BY sort DESC  [ RunTime:0.0003s ]
SQL: SELECT * FROM `xxf_article_category` WHERE `parent_id` = 56 ORDER BY sort DESC  [ RunTime:0.0003s ]
SQL: SELECT * FROM `xxf_article_category` WHERE `parent_id` = 52 ORDER BY sort DESC  [ RunTime:0.0002s ]
SQL: SELECT * FROM `xxf_article_category` WHERE `parent_id` = 51 ORDER BY sort DESC  [ RunTime:0.0003s ]
NOTIC: [8] Undefined index: description D:\wamp\www\myblog\ThinkPHP_3.2.3\Library\Think\Tree.class.php 第 58 行.
NOTIC: [8] Undefined index: keywords D:\wamp\www\myblog\ThinkPHP_3.2.3\Library\Think\Tree.class.php 第 58 行.
NOTIC: [8] Undefined index: description D:\wamp\www\myblog\ThinkPHP_3.2.3\Library\Think\Tree.class.php 第 97 行.
NOTIC: [8] Undefined index: keywords D:\wamp\www\myblog\ThinkPHP_3.2.3\Library\Think\Tree.class.php 第 97 行.
NOTIC: [8] Undefined index: description D:\wamp\www\myblog\ThinkPHP_3.2.3\Library\Think\Tree.class.php 第 58 行.
NOTIC: [8] Undefined index: keywords D:\wamp\www\myblog\ThinkPHP_3.2.3\Library\Think\Tree.class.php 第 58 行.
NOTIC: [8] Undefined index: description D:\wamp\www\myblog\ThinkPHP_3.2.3\Library\Think\Tree.class.php 第 58 行.
NOTIC: [8] Undefined index: keywords D:\wamp\www\myblog\ThinkPHP_3.2.3\Library\Think\Tree.class.php 第 58 行.
INFO: [ view_parse ] --START--
INFO: [ template_filter ] --START--
INFO: Run Behavior\ContentReplace [ RunTime:0.000167s ]
INFO: [ template_filter ] --END-- [ RunTime:0.000339s ]
INFO: Run Behavior\ParseTemplate [ RunTime:0.030671s ]
INFO: [ view_parse ] --END-- [ RunTime:0.030851s ]
INFO: [ view_filter ] --START--
INFO: Run Behavior\WriteHtmlCache [ RunTime:0.001448s ]
INFO: [ view_filter ] --END-- [ RunTime:0.001661s ]
INFO: [ app_end ] --START--
INFO: Run Behavior\ShowPageTrace [ RunTime:0.001267s ]
INFO: [ app_end ] --END-- [ RunTime:0.001412s ]

[ 2016-03-02T12:55:49+08:00 ] ::1 /myblog/Admin-Twitter-index
INFO: [ app_init ] --START--
INFO: Run Behavior\BuildLite [ RunTime:0.000051s ]
INFO: [ app_init ] --END-- [ RunTime:0.000853s ]
INFO: [ app_begin ] --START--
INFO: Run Behavior\ReadHtmlCache [ RunTime:0.001258s ]
INFO: [ app_begin ] --END-- [ RunTime:0.001417s ]
SQL: SHOW COLUMNS FROM `xxf_config` [ RunTime:0.0087s ]
SQL: SELECT `admin_page` FROM `xxf_config` LIMIT 1   [ RunTime:0.0003s ]
SQL: SHOW COLUMNS FROM `xxf_twitter` [ RunTime:0.0591s ]
NOTIC: [8] Undefined index: where D:\wamp\www\myblog\Application\Admin\Model\TwitterModel.class.php 第 26 行.
SQL: SELECT COUNT(*) AS tp_count FROM xxf_twitter t LIMIT 1   [ RunTime:0.0003s ]
NOTIC: [8] Undefined index: parameter D:\wamp\www\myblog\Application\Admin\Model\TwitterModel.class.php 第 27 行.
NOTIC: [8] Undefined index: where D:\wamp\www\myblog\Application\Admin\Model\TwitterModel.class.php 第 33 行.
SQL: SELECT t.* FROM xxf_twitter t ORDER BY create_time DESC LIMIT 0,10   [ RunTime:0.0003s ]
INFO: [ view_parse ] --START--
INFO: [ template_filter ] --START--
INFO: Run Behavior\ContentReplace [ RunTime:0.000229s ]
INFO: [ template_filter ] --END-- [ RunTime:0.000477s ]
INFO: Run Behavior\ParseTemplate [ RunTime:0.052329s ]
INFO: [ view_parse ] --END-- [ RunTime:0.052488s ]
INFO: [ view_filter ] --START--
INFO: Run Behavior\WriteHtmlCache [ RunTime:0.001120s ]
INFO: [ view_filter ] --END-- [ RunTime:0.001264s ]
INFO: [ app_end ] --START--
INFO: Run Behavior\ShowPageTrace [ RunTime:0.001231s ]
INFO: [ app_end ] --END-- [ RunTime:0.001368s ]

[ 2016-03-02T12:55:50+08:00 ] ::1 /myblog/Admin-FriendlyLink-index
INFO: [ app_init ] --START--
INFO: Run Behavior\BuildLite [ RunTime:0.000052s ]
INFO: [ app_init ] --END-- [ RunTime:0.000780s ]
INFO: [ app_begin ] --START--
INFO: Run Behavior\ReadHtmlCache [ RunTime:0.002312s ]
INFO: [ app_begin ] --END-- [ RunTime:0.002674s ]
SQL: SHOW COLUMNS FROM `xxf_config` [ RunTime:0.0076s ]
SQL: SELECT `admin_page` FROM `xxf_config` LIMIT 1   [ RunTime:0.0003s ]

[ 2016-03-02T12:56:01+08:00 ] ::1 /myblog/Admin-FriendlyLink-index
INFO: [ app_init ] --START--
INFO: Run Behavior\BuildLite [ RunTime:0.000059s ]
INFO: [ app_init ] --END-- [ RunTime:0.001153s ]
INFO: [ app_begin ] --START--
INFO: Run Behavior\ReadHtmlCache [ RunTime:0.001301s ]
INFO: [ app_begin ] --END-- [ RunTime:0.001468s ]
SQL: SHOW COLUMNS FROM `xxf_config` [ RunTime:0.1447s ]
SQL: SELECT `admin_page` FROM `xxf_config` LIMIT 1   [ RunTime:0.0008s ]
SQL: SHOW COLUMNS FROM `xxf_friendly_link` [ RunTime:0.0471s ]
NOTIC: [8] Undefined index: where D:\wamp\www\myblog\Application\Admin\Model\FriendlyLinkModel.class.php 第 28 行.
SQL: SELECT COUNT(*) AS tp_count FROM xxf_friendly_link fl LIMIT 1   [ RunTime:0.0005s ]
NOTIC: [8] Undefined index: parameter D:\wamp\www\myblog\Application\Admin\Model\FriendlyLinkModel.class.php 第 29 行.
NOTIC: [8] Undefined index: where D:\wamp\www\myblog\Application\Admin\Model\FriendlyLinkModel.class.php 第 35 行.
SQL: SELECT fl.* FROM xxf_friendly_link fl ORDER BY id DESC LIMIT 0,10   [ RunTime:0.0006s ]
INFO: [ view_parse ] --START--
INFO: [ template_filter ] --START--
INFO: Run Behavior\ContentReplace [ RunTime:0.000195s ]
INFO: [ template_filter ] --END-- [ RunTime:0.000441s ]
INFO: Run Behavior\ParseTemplate [ RunTime:0.066368s ]
INFO: [ view_parse ] --END-- [ RunTime:0.066649s ]
INFO: [ view_filter ] --START--
INFO: Run Behavior\WriteHtmlCache [ RunTime:0.001406s ]
INFO: [ view_filter ] --END-- [ RunTime:0.001599s ]
INFO: [ app_end ] --START--
INFO: Run Behavior\ShowPageTrace [ RunTime:0.001802s ]
INFO: [ app_end ] --END-- [ RunTime:0.002031s ]

[ 2016-03-02T12:56:03+08:00 ] ::1 /myblog/Admin-Background-index
INFO: [ app_init ] --START--
INFO: Run Behavior\BuildLite [ RunTime:0.000056s ]
INFO: [ app_init ] --END-- [ RunTime:0.000927s ]
INFO: [ app_begin ] --START--
INFO: Run Behavior\ReadHtmlCache [ RunTime:0.001915s ]
INFO: [ app_begin ] --END-- [ RunTime:0.002154s ]
SQL: SHOW COLUMNS FROM `xxf_config` [ RunTime:0.0067s ]
SQL: SELECT `admin_page` FROM `xxf_config` LIMIT 1   [ RunTime:0.0002s ]
SQL: SHOW COLUMNS FROM `xxf_background` [ RunTime:0.1774s ]
NOTIC: [8] Undefined index: where D:\wamp\www\myblog\Application\Admin\Model\BackgroundModel.class.php 第 17 行.
SQL: SELECT COUNT(*) AS tp_count FROM xxf_background b LIMIT 1   [ RunTime:0.0004s ]
NOTIC: [8] Undefined index: parameter D:\wamp\www\myblog\Application\Admin\Model\BackgroundModel.class.php 第 18 行.
NOTIC: [8] Undefined index: where D:\wamp\www\myblog\Application\Admin\Model\BackgroundModel.class.php 第 24 行.
SQL: SELECT b.* FROM xxf_background b ORDER BY id DESC LIMIT 0,10   [ RunTime:0.0003s ]
INFO: [ view_parse ] --START--
INFO: [ template_filter ] --START--
INFO: Run Behavior\ContentReplace [ RunTime:0.000158s ]
INFO: [ template_filter ] --END-- [ RunTime:0.000332s ]
INFO: Run Behavior\ParseTemplate [ RunTime:0.073045s ]
INFO: [ view_parse ] --END-- [ RunTime:0.073287s ]
INFO: [ view_filter ] --START--
INFO: Run Behavior\WriteHtmlCache [ RunTime:0.001291s ]
INFO: [ view_filter ] --END-- [ RunTime:0.001449s ]
INFO: [ app_end ] --START--
INFO: Run Behavior\ShowPageTrace [ RunTime:0.001958s ]
INFO: [ app_end ] --END-- [ RunTime:0.002195s ]

[ 2016-03-02T12:56:04+08:00 ] ::1 /myblog/Admin-Nav-index
INFO: [ app_init ] --START--
INFO: Run Behavior\BuildLite [ RunTime:0.000035s ]
INFO: [ app_init ] --END-- [ RunTime:0.000732s ]
INFO: [ app_begin ] --START--
INFO: Run Behavior\ReadHtmlCache [ RunTime:0.001334s ]
INFO: [ app_begin ] --END-- [ RunTime:0.001524s ]
SQL: SHOW COLUMNS FROM `xxf_config` [ RunTime:0.0248s ]
SQL: SELECT `admin_page` FROM `xxf_config` LIMIT 1   [ RunTime:0.0003s ]
SQL: SHOW COLUMNS FROM `xxf_nav` [ RunTime:0.2474s ]
NOTIC: [8] Undefined index: where D:\wamp\www\myblog\Application\Admin\Model\NavModel.class.php 第 28 行.
SQL: SELECT COUNT(*) AS tp_count FROM xxf_nav n LIMIT 1   [ RunTime:0.0003s ]
NOTIC: [8] Undefined index: parameter D:\wamp\www\myblog\Application\Admin\Model\NavModel.class.php 第 29 行.
NOTIC: [8] Undefined index: where D:\wamp\www\myblog\Application\Admin\Model\NavModel.class.php 第 35 行.
SQL: SELECT n.* FROM xxf_nav n ORDER BY sort DESC LIMIT 0,10   [ RunTime:0.0004s ]
INFO: [ view_parse ] --START--
INFO: [ template_filter ] --START--
INFO: Run Behavior\ContentReplace [ RunTime:0.000281s ]
INFO: [ template_filter ] --END-- [ RunTime:0.000578s ]
INFO: Run Behavior\ParseTemplate [ RunTime:0.056963s ]
INFO: [ view_parse ] --END-- [ RunTime:0.057228s ]
INFO: [ view_filter ] --START--
INFO: Run Behavior\WriteHtmlCache [ RunTime:0.001620s ]
INFO: [ view_filter ] --END-- [ RunTime:0.001850s ]
INFO: [ app_end ] --START--
INFO: Run Behavior\ShowPageTrace [ RunTime:0.001618s ]
INFO: [ app_end ] --END-- [ RunTime:0.001793s ]

[ 2016-03-02T12:56:05+08:00 ] ::1 /myblog/Admin-Config-update
INFO: [ app_init ] --START--
INFO: Run Behavior\BuildLite [ RunTime:0.000040s ]
INFO: [ app_init ] --END-- [ RunTime:0.000766s ]
INFO: [ app_begin ] --START--
INFO: Run Behavior\ReadHtmlCache [ RunTime:0.001453s ]
INFO: [ app_begin ] --END-- [ RunTime:0.001638s ]
NOTIC: [8] Undefined index: id D:\wamp\www\myblog\Application\Admin\Controller\BaseController.class.php 第 84 行.
SQL: SHOW COLUMNS FROM `xxf_config` [ RunTime:0.0080s ]
SQL: SELECT * FROM `xxf_config` WHERE `id` = 1 LIMIT 1   [ RunTime:0.0004s ]
INFO: [ view_parse ] --START--
INFO: [ template_filter ] --START--
INFO: Run Behavior\ContentReplace [ RunTime:0.000165s ]
INFO: [ template_filter ] --END-- [ RunTime:0.000341s ]
INFO: Run Behavior\ParseTemplate [ RunTime:0.038307s ]
INFO: [ view_parse ] --END-- [ RunTime:0.038470s ]
INFO: [ view_filter ] --START--
INFO: Run Behavior\WriteHtmlCache [ RunTime:0.001041s ]
INFO: [ view_filter ] --END-- [ RunTime:0.001186s ]
INFO: [ app_end ] --START--
INFO: Run Behavior\ShowPageTrace [ RunTime:0.001221s ]
INFO: [ app_end ] --END-- [ RunTime:0.001364s ]

[ 2016-03-02T13:13:24+08:00 ] ::1 /myblog/Admin-Nav-index
INFO: [ app_init ] --START--
INFO: Run Behavior\BuildLite [ RunTime:0.000036s ]
INFO: [ app_init ] --END-- [ RunTime:0.000670s ]
INFO: [ app_begin ] --START--
INFO: Run Behavior\ReadHtmlCache [ RunTime:0.001471s ]
INFO: [ app_begin ] --END-- [ RunTime:0.001702s ]
SQL: SHOW COLUMNS FROM `xxf_config` [ RunTime:0.0069s ]
SQL: SELECT `admin_page` FROM `xxf_config` LIMIT 1   [ RunTime:0.0004s ]
SQL: SHOW COLUMNS FROM `xxf_nav` [ RunTime:0.0068s ]
NOTIC: [8] Undefined index: where D:\wamp\www\myblog\Application\Admin\Model\NavModel.class.php 第 28 行.
SQL: SELECT COUNT(*) AS tp_count FROM xxf_nav n LIMIT 1   [ RunTime:0.0003s ]
NOTIC: [8] Undefined index: parameter D:\wamp\www\myblog\Application\Admin\Model\NavModel.class.php 第 29 行.
NOTIC: [8] Undefined index: where D:\wamp\www\myblog\Application\Admin\Model\NavModel.class.php 第 35 行.
SQL: SELECT n.* FROM xxf_nav n ORDER BY sort DESC LIMIT 0,10   [ RunTime:0.0005s ]
INFO: [ view_parse ] --START--
INFO: [ template_filter ] --START--
INFO: Run Behavior\ContentReplace [ RunTime:0.000157s ]
INFO: [ template_filter ] --END-- [ RunTime:0.000349s ]
INFO: Run Behavior\ParseTemplate [ RunTime:0.037321s ]
INFO: [ view_parse ] --END-- [ RunTime:0.037597s ]
INFO: [ view_filter ] --START--
INFO: Run Behavior\WriteHtmlCache [ RunTime:0.001251s ]
INFO: [ view_filter ] --END-- [ RunTime:0.001447s ]
INFO: [ app_end ] --START--
INFO: Run Behavior\ShowPageTrace [ RunTime:0.001318s ]
INFO: [ app_end ] --END-- [ RunTime:0.001482s ]

[ 2016-03-02T13:13:36+08:00 ] ::1 /myblog/Admin-Nav-index
INFO: [ app_init ] --START--
INFO: Run Behavior\BuildLite [ RunTime:0.000036s ]
INFO: [ app_init ] --END-- [ RunTime:0.000672s ]
INFO: [ app_begin ] --START--
INFO: Run Behavior\ReadHtmlCache [ RunTime:0.001288s ]
INFO: [ app_begin ] --END-- [ RunTime:0.001448s ]
SQL: SHOW COLUMNS FROM `xxf_config` [ RunTime:0.0067s ]
SQL: SELECT `admin_page` FROM `xxf_config` LIMIT 1   [ RunTime:0.0002s ]
SQL: SHOW COLUMNS FROM `xxf_nav` [ RunTime:0.0100s ]
NOTIC: [8] Undefined index: where D:\wamp\www\myblog\Application\Admin\Model\NavModel.class.php 第 28 行.
SQL: SELECT COUNT(*) AS tp_count FROM xxf_nav n LIMIT 1   [ RunTime:0.0003s ]
NOTIC: [8] Undefined index: parameter D:\wamp\www\myblog\Application\Admin\Model\NavModel.class.php 第 29 行.
NOTIC: [8] Undefined index: where D:\wamp\www\myblog\Application\Admin\Model\NavModel.class.php 第 35 行.
SQL: SELECT n.* FROM xxf_nav n ORDER BY sort DESC LIMIT 0,10   [ RunTime:0.0003s ]
INFO: [ view_parse ] --START--
INFO: [ template_filter ] --START--
INFO: Run Behavior\ContentReplace [ RunTime:0.000157s ]
INFO: [ template_filter ] --END-- [ RunTime:0.000335s ]
INFO: Run Behavior\ParseTemplate [ RunTime:0.031520s ]
INFO: [ view_parse ] --END-- [ RunTime:0.031691s ]
INFO: [ view_filter ] --START--
INFO: Run Behavior\WriteHtmlCache [ RunTime:0.001151s ]
INFO: [ view_filter ] --END-- [ RunTime:0.001297s ]
INFO: [ app_end ] --START--
INFO: Run Behavior\ShowPageTrace [ RunTime:0.001547s ]
INFO: [ app_end ] --END-- [ RunTime:0.001701s ]

[ 2016-03-02T13:17:08+08:00 ] ::1 /myblog/Admin
INFO: [ app_init ] --START--
INFO: Run Behavior\BuildLite [ RunTime:0.000044s ]
INFO: [ app_init ] --END-- [ RunTime:0.001082s ]
INFO: [ app_begin ] --START--
INFO: Run Behavior\ReadHtmlCache [ RunTime:0.001405s ]
INFO: [ app_begin ] --END-- [ RunTime:0.001569s ]
INFO: [ view_parse ] --START--
INFO: [ template_filter ] --START--
INFO: Run Behavior\ContentReplace [ RunTime:0.000131s ]
INFO: [ template_filter ] --END-- [ RunTime:0.000289s ]
INFO: Run Behavior\ParseTemplate [ RunTime:0.023178s ]
INFO: [ view_parse ] --END-- [ RunTime:0.023343s ]
INFO: [ view_filter ] --START--
INFO: Run Behavior\WriteHtmlCache [ RunTime:0.001119s ]
INFO: [ view_filter ] --END-- [ RunTime:0.001264s ]
INFO: [ app_end ] --START--
INFO: Run Behavior\ShowPageTrace [ RunTime:0.001230s ]
INFO: [ app_end ] --END-- [ RunTime:0.001374s ]

[ 2016-03-02T13:17:09+08:00 ] ::1 /myblog/Admin-Twitter-index
INFO: [ app_init ] --START--
INFO: Run Behavior\BuildLite [ RunTime:0.000062s ]
INFO: [ app_init ] --END-- [ RunTime:0.000892s ]
INFO: [ app_begin ] --START--
INFO: Run Behavior\ReadHtmlCache [ RunTime:0.001282s ]
INFO: [ app_begin ] --END-- [ RunTime:0.001449s ]
SQL: SHOW COLUMNS FROM `xxf_config` [ RunTime:0.0181s ]
SQL: SELECT `admin_page` FROM `xxf_config` LIMIT 1   [ RunTime:0.0003s ]
SQL: SHOW COLUMNS FROM `xxf_twitter` [ RunTime:0.0097s ]
NOTIC: [8] Undefined index: where D:\wamp\www\myblog\Application\Admin\Model\TwitterModel.class.php 第 26 行.
SQL: SELECT COUNT(*) AS tp_count FROM xxf_twitter t LIMIT 1   [ RunTime:0.0004s ]
NOTIC: [8] Undefined index: parameter D:\wamp\www\myblog\Application\Admin\Model\TwitterModel.class.php 第 27 行.
NOTIC: [8] Undefined index: where D:\wamp\www\myblog\Application\Admin\Model\TwitterModel.class.php 第 33 行.
SQL: SELECT t.* FROM xxf_twitter t ORDER BY create_time DESC LIMIT 0,10   [ RunTime:0.0004s ]
INFO: [ view_parse ] --START--
INFO: [ template_filter ] --START--
INFO: Run Behavior\ContentReplace [ RunTime:0.000184s ]
INFO: [ template_filter ] --END-- [ RunTime:0.000416s ]
INFO: Run Behavior\ParseTemplate [ RunTime:0.030592s ]
INFO: [ view_parse ] --END-- [ RunTime:0.030781s ]
INFO: [ view_filter ] --START--
INFO: Run Behavior\WriteHtmlCache [ RunTime:0.001387s ]
INFO: [ view_filter ] --END-- [ RunTime:0.001600s ]
INFO: [ app_end ] --START--
INFO: Run Behavior\ShowPageTrace [ RunTime:0.001371s ]
INFO: [ app_end ] --END-- [ RunTime:0.001540s ]

[ 2016-03-02T13:17:33+08:00 ] ::1 /myblog/Admin-Twitter-index
INFO: [ app_init ] --START--
INFO: Run Behavior\BuildLite [ RunTime:0.000058s ]
INFO: [ app_init ] --END-- [ RunTime:0.000959s ]
INFO: [ app_begin ] --START--
INFO: Run Behavior\ReadHtmlCache [ RunTime:0.001408s ]
INFO: [ app_begin ] --END-- [ RunTime:0.001626s ]
SQL: SHOW COLUMNS FROM `xxf_config` [ RunTime:0.0083s ]
SQL: SELECT `admin_page` FROM `xxf_config` LIMIT 1   [ RunTime:0.0004s ]
SQL: SHOW COLUMNS FROM `xxf_twitter` [ RunTime:0.0081s ]
NOTIC: [8] Undefined index: where D:\wamp\www\myblog\Application\Admin\Model\TwitterModel.class.php 第 26 行.
SQL: SELECT COUNT(*) AS tp_count FROM xxf_twitter t LIMIT 1   [ RunTime:0.0003s ]
NOTIC: [8] Undefined index: parameter D:\wamp\www\myblog\Application\Admin\Model\TwitterModel.class.php 第 27 行.
NOTIC: [8] Undefined index: where D:\wamp\www\myblog\Application\Admin\Model\TwitterModel.class.php 第 33 行.
SQL: SELECT t.* FROM xxf_twitter t ORDER BY create_time DESC LIMIT 0,10   [ RunTime:0.0004s ]
INFO: [ view_parse ] --START--
INFO: [ template_filter ] --START--
INFO: Run Behavior\ContentReplace [ RunTime:0.000259s ]
INFO: [ template_filter ] --END-- [ RunTime:0.000545s ]
INFO: Run Behavior\ParseTemplate [ RunTime:0.032769s ]
INFO: [ view_parse ] --END-- [ RunTime:0.032997s ]
INFO: [ view_filter ] --START--
INFO: Run Behavior\WriteHtmlCache [ RunTime:0.001137s ]
INFO: [ view_filter ] --END-- [ RunTime:0.001287s ]
INFO: [ app_end ] --START--
INFO: Run Behavior\ShowPageTrace [ RunTime:0.001272s ]
INFO: [ app_end ] --END-- [ RunTime:0.001415s ]

[ 2016-03-02T13:17:40+08:00 ] ::1 /myblog/Admin-Twitter-onOff
INFO: [ app_init ] --START--
INFO: Run Behavior\BuildLite [ RunTime:0.000032s ]
INFO: [ app_init ] --END-- [ RunTime:0.000594s ]
INFO: [ app_begin ] --START--
INFO: Run Behavior\ReadHtmlCache [ RunTime:0.001116s ]
INFO: [ app_begin ] --END-- [ RunTime:0.001236s ]
SQL: SHOW COLUMNS FROM `xxf_twitter` [ RunTime:0.0061s ]
SQL: UPDATE `xxf_twitter` SET `status`='0' WHERE `id` = 1 [ RunTime:0.0813s ]
NOTIC: [2] unlink(./Application/Runtime/Temp/xxf_5ec52a6146ee314be8c9cb8f1805856c.php): No such file or directory D:\wamp\www\myblog\ThinkPHP_3.2.3\Library\Think\Cache\Driver\File.class.php 第 157 行.

[ 2016-03-02T13:17:41+08:00 ] ::1 /myblog/Admin-Twitter-onOff
INFO: [ app_init ] --START--
INFO: Run Behavior\BuildLite [ RunTime:0.000041s ]
INFO: [ app_init ] --END-- [ RunTime:0.000755s ]
INFO: [ app_begin ] --START--
INFO: Run Behavior\ReadHtmlCache [ RunTime:0.001622s ]
INFO: [ app_begin ] --END-- [ RunTime:0.001774s ]
SQL: SHOW COLUMNS FROM `xxf_twitter` [ RunTime:0.0079s ]
SQL: UPDATE `xxf_twitter` SET `status`='1' WHERE `id` = 1 [ RunTime:0.0789s ]
NOTIC: [2] unlink(./Application/Runtime/Temp/xxf_5ec52a6146ee314be8c9cb8f1805856c.php): No such file or directory D:\wamp\www\myblog\ThinkPHP_3.2.3\Library\Think\Cache\Driver\File.class.php 第 157 行.

[ 2016-03-02T13:17:46+08:00 ] ::1 /myblog/Admin-Article-index
INFO: [ app_init ] --START--
INFO: Run Behavior\BuildLite [ RunTime:0.000036s ]
INFO: [ app_init ] --END-- [ RunTime:0.000662s ]
INFO: [ app_begin ] --START--
INFO: Run Behavior\ReadHtmlCache [ RunTime:0.001255s ]
INFO: [ app_begin ] --END-- [ RunTime:0.001411s ]
SQL: SHOW COLUMNS FROM `xxf_config` [ RunTime:0.0079s ]
SQL: SELECT `admin_page` FROM `xxf_config` LIMIT 1   [ RunTime:0.0003s ]
SQL: SHOW COLUMNS FROM `xxf_article` [ RunTime:0.0061s ]
NOTIC: [8] Undefined index: where D:\wamp\www\myblog\Application\Admin\Model\ArticleModel.class.php 第 38 行.
SQL: SELECT COUNT(*) AS tp_count FROM xxf_article art LIMIT 1   [ RunTime:0.0002s ]
NOTIC: [8] Undefined index: parameter D:\wamp\www\myblog\Application\Admin\Model\ArticleModel.class.php 第 39 行.
NOTIC: [8] Undefined index: where D:\wamp\www\myblog\Application\Admin\Model\ArticleModel.class.php 第 45 行.
SQL: SELECT art.*,art_cate.name cate_name,art_cate.status cate_status FROM xxf_article art LEFT JOIN xxf_article_category art_cate ON art_cate.id = art.cate_id AND art_cate.status < 9  ORDER BY is_top DESC,create_time DESC LIMIT 0,10   [ RunTime:0.0081s ]
INFO: [ view_parse ] --START--
INFO: [ template_filter ] --START--
INFO: Run Behavior\ContentReplace [ RunTime:0.000185s ]
INFO: [ template_filter ] --END-- [ RunTime:0.000340s ]
NOTIC: [8] Undefined index: title D:\wamp\www\myblog\Application\Runtime\Cache\Admin\7a4184ffe8f804b12b2e7f8851dd8f7d.php 第 89 行.
INFO: Run Behavior\ParseTemplate [ RunTime:0.034474s ]
INFO: [ view_parse ] --END-- [ RunTime:0.034633s ]
INFO: [ view_filter ] --START--
INFO: Run Behavior\WriteHtmlCache [ RunTime:0.001135s ]
INFO: [ view_filter ] --END-- [ RunTime:0.001278s ]
INFO: [ app_end ] --START--
INFO: Run Behavior\ShowPageTrace [ RunTime:0.001250s ]
INFO: [ app_end ] --END-- [ RunTime:0.001406s ]

[ 2016-03-02T13:19:25+08:00 ] ::1 /myblog/Admin-ArticleCategory-index
INFO: [ app_init ] --START--
INFO: Run Behavior\BuildLite [ RunTime:0.000036s ]
INFO: [ app_init ] --END-- [ RunTime:0.000667s ]
INFO: [ app_begin ] --START--
INFO: Run Behavior\ReadHtmlCache [ RunTime:0.001443s ]
INFO: [ app_begin ] --END-- [ RunTime:0.001614s ]
SQL: SHOW COLUMNS FROM `xxf_article_category` [ RunTime:0.0079s ]
SQL: SELECT * FROM `xxf_article_category` WHERE `parent_id` = 0 ORDER BY sort DESC  [ RunTime:0.0005s ]
SQL: SELECT * FROM `xxf_article_category` WHERE `parent_id` = 49 ORDER BY sort DESC  [ RunTime:0.0003s ]
SQL: SELECT * FROM `xxf_article_category` WHERE `parent_id` = 56 ORDER BY sort DESC  [ RunTime:0.0002s ]
SQL: SELECT * FROM `xxf_article_category` WHERE `parent_id` = 52 ORDER BY sort DESC  [ RunTime:0.0002s ]
SQL: SELECT * FROM `xxf_article_category` WHERE `parent_id` = 51 ORDER BY sort DESC  [ RunTime:0.0002s ]
NOTIC: [8] Undefined index: description D:\wamp\www\myblog\ThinkPHP_3.2.3\Library\Think\Tree.class.php 第 58 行.
NOTIC: [8] Undefined index: keywords D:\wamp\www\myblog\ThinkPHP_3.2.3\Library\Think\Tree.class.php 第 58 行.
NOTIC: [8] Undefined index: description D:\wamp\www\myblog\ThinkPHP_3.2.3\Library\Think\Tree.class.php 第 97 行.
NOTIC: [8] Undefined index: keywords D:\wamp\www\myblog\ThinkPHP_3.2.3\Library\Think\Tree.class.php 第 97 行.
NOTIC: [8] Undefined index: description D:\wamp\www\myblog\ThinkPHP_3.2.3\Library\Think\Tree.class.php 第 58 行.
NOTIC: [8] Undefined index: keywords D:\wamp\www\myblog\ThinkPHP_3.2.3\Library\Think\Tree.class.php 第 58 行.
NOTIC: [8] Undefined index: description D:\wamp\www\myblog\ThinkPHP_3.2.3\Library\Think\Tree.class.php 第 58 行.
NOTIC: [8] Undefined index: keywords D:\wamp\www\myblog\ThinkPHP_3.2.3\Library\Think\Tree.class.php 第 58 行.
INFO: [ view_parse ] --START--
INFO: [ template_filter ] --START--
INFO: Run Behavior\ContentReplace [ RunTime:0.000146s ]
INFO: [ template_filter ] --END-- [ RunTime:0.000310s ]
INFO: Run Behavior\ParseTemplate [ RunTime:0.022581s ]
INFO: [ view_parse ] --END-- [ RunTime:0.022747s ]
INFO: [ view_filter ] --START--
INFO: Run Behavior\WriteHtmlCache [ RunTime:0.001688s ]
INFO: [ view_filter ] --END-- [ RunTime:0.001956s ]
INFO: [ app_end ] --START--
INFO: Run Behavior\ShowPageTrace [ RunTime:0.001696s ]
INFO: [ app_end ] --END-- [ RunTime:0.001914s ]

[ 2016-03-02T13:19:26+08:00 ] ::1 /myblog/Admin-ArticleCategory-editField
INFO: [ app_init ] --START--
INFO: Run Behavior\BuildLite [ RunTime:0.000054s ]
INFO: [ app_init ] --END-- [ RunTime:0.000913s ]
INFO: [ app_begin ] --START--
INFO: Run Behavior\ReadHtmlCache [ RunTime:0.001734s ]
INFO: [ app_begin ] --END-- [ RunTime:0.001914s ]
SQL: SHOW COLUMNS FROM `xxf_article_category` [ RunTime:0.0081s ]
SQL: UPDATE `xxf_article_category` SET `sort`='99' WHERE `id` = 49 [ RunTime:0.0005s ]
NOTIC: [2] unlink(./Application/Runtime/Temp/xxf_bcd2033d0f54b209be866a0f281963e4.php): No such file or directory D:\wamp\www\myblog\ThinkPHP_3.2.3\Library\Think\Cache\Driver\File.class.php 第 157 行.

[ 2016-03-02T13:19:33+08:00 ] ::1 /myblog/Admin-ArticleCategory-index
INFO: [ app_init ] --START--
INFO: Run Behavior\BuildLite [ RunTime:0.000059s ]
INFO: [ app_init ] --END-- [ RunTime:0.000764s ]
INFO: [ app_begin ] --START--
INFO: Run Behavior\ReadHtmlCache [ RunTime:0.001342s ]
INFO: [ app_begin ] --END-- [ RunTime:0.001508s ]
SQL: SHOW COLUMNS FROM `xxf_article_category` [ RunTime:0.0076s ]
SQL: SELECT * FROM `xxf_article_category` WHERE `parent_id` = 0 ORDER BY sort DESC  [ RunTime:0.0005s ]
SQL: SELECT * FROM `xxf_article_category` WHERE `parent_id` = 49 ORDER BY sort DESC  [ RunTime:0.0003s ]
SQL: SELECT * FROM `xxf_article_category` WHERE `parent_id` = 56 ORDER BY sort DESC  [ RunTime:0.0003s ]
SQL: SELECT * FROM `xxf_article_category` WHERE `parent_id` = 52 ORDER BY sort DESC  [ RunTime:0.0003s ]
SQL: SELECT * FROM `xxf_article_category` WHERE `parent_id` = 51 ORDER BY sort DESC  [ RunTime:0.0003s ]
NOTIC: [8] Undefined index: description D:\wamp\www\myblog\ThinkPHP_3.2.3\Library\Think\Tree.class.php 第 58 行.
NOTIC: [8] Undefined index: keywords D:\wamp\www\myblog\ThinkPHP_3.2.3\Library\Think\Tree.class.php 第 58 行.
NOTIC: [8] Undefined index: description D:\wamp\www\myblog\ThinkPHP_3.2.3\Library\Think\Tree.class.php 第 97 行.
NOTIC: [8] Undefined index: keywords D:\wamp\www\myblog\ThinkPHP_3.2.3\Library\Think\Tree.class.php 第 97 行.
NOTIC: [8] Undefined index: description D:\wamp\www\myblog\ThinkPHP_3.2.3\Library\Think\Tree.class.php 第 58 行.
NOTIC: [8] Undefined index: keywords D:\wamp\www\myblog\ThinkPHP_3.2.3\Library\Think\Tree.class.php 第 58 行.
NOTIC: [8] Undefined index: description D:\wamp\www\myblog\ThinkPHP_3.2.3\Library\Think\Tree.class.php 第 58 行.
NOTIC: [8] Undefined index: keywords D:\wamp\www\myblog\ThinkPHP_3.2.3\Library\Think\Tree.class.php 第 58 行.
INFO: [ view_parse ] --START--
INFO: [ template_filter ] --START--
INFO: Run Behavior\ContentReplace [ RunTime:0.000235s ]
INFO: [ template_filter ] --END-- [ RunTime:0.000505s ]
INFO: Run Behavior\ParseTemplate [ RunTime:0.025944s ]
INFO: [ view_parse ] --END-- [ RunTime:0.026161s ]
INFO: [ view_filter ] --START--
INFO: Run Behavior\WriteHtmlCache [ RunTime:0.001033s ]
INFO: [ view_filter ] --END-- [ RunTime:0.001205s ]
INFO: [ app_end ] --START--
INFO: Run Behavior\ShowPageTrace [ RunTime:0.001245s ]
INFO: [ app_end ] --END-- [ RunTime:0.001389s ]

[ 2016-03-02T13:19:36+08:00 ] ::1 /myblog/Admin-ArticleCategory-editField
INFO: [ app_init ] --START--
INFO: Run Behavior\BuildLite [ RunTime:0.000057s ]
INFO: [ app_init ] --END-- [ RunTime:0.000946s ]
INFO: [ app_begin ] --START--
INFO: Run Behavior\ReadHtmlCache [ RunTime:0.001636s ]
INFO: [ app_begin ] --END-- [ RunTime:0.001845s ]
SQL: SHOW COLUMNS FROM `xxf_article_category` [ RunTime:0.0080s ]
SQL: UPDATE `xxf_article_category` SET `sort`='77' WHERE `id` = 51 [ RunTime:0.0004s ]
NOTIC: [2] unlink(./Application/Runtime/Temp/xxf_bcd2033d0f54b209be866a0f281963e4.php): No such file or directory D:\wamp\www\myblog\ThinkPHP_3.2.3\Library\Think\Cache\Driver\File.class.php 第 157 行.

[ 2016-03-02T13:19:38+08:00 ] ::1 /myblog/Admin-Article-index
INFO: [ app_init ] --START--
INFO: Run Behavior\BuildLite [ RunTime:0.000032s ]
INFO: [ app_init ] --END-- [ RunTime:0.000622s ]
INFO: [ app_begin ] --START--
INFO: Run Behavior\ReadHtmlCache [ RunTime:0.001686s ]
INFO: [ app_begin ] --END-- [ RunTime:0.001928s ]
SQL: SHOW COLUMNS FROM `xxf_config` [ RunTime:0.0071s ]
SQL: SELECT `admin_page` FROM `xxf_config` LIMIT 1   [ RunTime:0.0006s ]
SQL: SHOW COLUMNS FROM `xxf_article` [ RunTime:0.0064s ]
NOTIC: [8] Undefined index: where D:\wamp\www\myblog\Application\Admin\Model\ArticleModel.class.php 第 38 行.
SQL: SELECT COUNT(*) AS tp_count FROM xxf_article art LIMIT 1   [ RunTime:0.0003s ]
NOTIC: [8] Undefined index: parameter D:\wamp\www\myblog\Application\Admin\Model\ArticleModel.class.php 第 39 行.
NOTIC: [8] Undefined index: where D:\wamp\www\myblog\Application\Admin\Model\ArticleModel.class.php 第 45 行.
SQL: SELECT art.*,art_cate.name cate_name,art_cate.status cate_status FROM xxf_article art LEFT JOIN xxf_article_category art_cate ON art_cate.id = art.cate_id AND art_cate.status < 9  ORDER BY is_top DESC,create_time DESC LIMIT 0,10   [ RunTime:0.0079s ]
INFO: [ view_parse ] --START--
INFO: [ template_filter ] --START--
INFO: Run Behavior\ContentReplace [ RunTime:0.000176s ]
INFO: [ template_filter ] --END-- [ RunTime:0.000354s ]
NOTIC: [8] Undefined index: title D:\wamp\www\myblog\Application\Runtime\Cache\Admin\7a4184ffe8f804b12b2e7f8851dd8f7d.php 第 89 行.
INFO: Run Behavior\ParseTemplate [ RunTime:0.039754s ]
INFO: [ view_parse ] --END-- [ RunTime:0.039920s ]
INFO: [ view_filter ] --START--
INFO: Run Behavior\WriteHtmlCache [ RunTime:0.001296s ]
INFO: [ view_filter ] --END-- [ RunTime:0.001506s ]
INFO: [ app_end ] --START--
INFO: Run Behavior\ShowPageTrace [ RunTime:0.001657s ]
INFO: [ app_end ] --END-- [ RunTime:0.001888s ]

[ 2016-03-02T13:20:01+08:00 ] ::1 /myblog/Admin-Article-index
INFO: [ app_init ] --START--
INFO: Run Behavior\BuildLite [ RunTime:0.000063s ]
INFO: [ app_init ] --END-- [ RunTime:0.001039s ]
INFO: [ app_begin ] --START--
INFO: Run Behavior\ReadHtmlCache [ RunTime:0.001358s ]
INFO: [ app_begin ] --END-- [ RunTime:0.001523s ]
SQL: SHOW COLUMNS FROM `xxf_config` [ RunTime:0.0075s ]
SQL: SELECT `admin_page` FROM `xxf_config` LIMIT 1   [ RunTime:0.0003s ]
SQL: SHOW COLUMNS FROM `xxf_article` [ RunTime:0.0096s ]
NOTIC: [8] Undefined index: where D:\wamp\www\myblog\Application\Admin\Model\ArticleModel.class.php 第 38 行.
SQL: SELECT COUNT(*) AS tp_count FROM xxf_article art LIMIT 1   [ RunTime:0.0002s ]
NOTIC: [8] Undefined index: parameter D:\wamp\www\myblog\Application\Admin\Model\ArticleModel.class.php 第 39 行.
NOTIC: [8] Undefined index: where D:\wamp\www\myblog\Application\Admin\Model\ArticleModel.class.php 第 45 行.
SQL: SELECT art.*,art_cate.name cate_name,art_cate.status cate_status FROM xxf_article art LEFT JOIN xxf_article_category art_cate ON art_cate.id = art.cate_id AND art_cate.status < 9  ORDER BY is_top DESC,create_time DESC LIMIT 0,10   [ RunTime:0.0063s ]
INFO: [ view_parse ] --START--
INFO: [ template_filter ] --START--
INFO: Run Behavior\ContentReplace [ RunTime:0.000260s ]
INFO: [ template_filter ] --END-- [ RunTime:0.000529s ]
NOTIC: [8] Undefined index: title D:\wamp\www\myblog\Application\Runtime\Cache\Admin\7a4184ffe8f804b12b2e7f8851dd8f7d.php 第 89 行.
INFO: Run Behavior\ParseTemplate [ RunTime:0.039031s ]
INFO: [ view_parse ] --END-- [ RunTime:0.039191s ]
INFO: [ view_filter ] --START--
INFO: Run Behavior\WriteHtmlCache [ RunTime:0.001126s ]
INFO: [ view_filter ] --END-- [ RunTime:0.001268s ]
INFO: [ app_end ] --START--
INFO: Run Behavior\ShowPageTrace [ RunTime:0.001251s ]
INFO: [ app_end ] --END-- [ RunTime:0.001427s ]

[ 2016-03-02T13:20:10+08:00 ] ::1 /myblog/Admin-Article-onOff
INFO: [ app_init ] --START--
INFO: Run Behavior\BuildLite [ RunTime:0.000042s ]
INFO: [ app_init ] --END-- [ RunTime:0.000751s ]
INFO: [ app_begin ] --START--
INFO: Run Behavior\ReadHtmlCache [ RunTime:0.000967s ]
INFO: [ app_begin ] --END-- [ RunTime:0.001110s ]
SQL: SHOW COLUMNS FROM `xxf_article` [ RunTime:0.0073s ]
SQL: UPDATE `xxf_article` SET `is_top`='0' WHERE `id` = 45 [ RunTime:0.0005s ]
NOTIC: [2] unlink(./Application/Runtime/Temp/xxf_04c538e806e74a87d224ba761bb8f2bc.php): No such file or directory D:\wamp\www\myblog\ThinkPHP_3.2.3\Library\Think\Cache\Driver\File.class.php 第 157 行.

[ 2016-03-02T13:20:16+08:00 ] ::1 /myblog/Admin-Article-onOff
INFO: [ app_init ] --START--
INFO: Run Behavior\BuildLite [ RunTime:0.000036s ]
INFO: [ app_init ] --END-- [ RunTime:0.000658s ]
INFO: [ app_begin ] --START--
INFO: Run Behavior\ReadHtmlCache [ RunTime:0.000975s ]
INFO: [ app_begin ] --END-- [ RunTime:0.001120s ]
SQL: SHOW COLUMNS FROM `xxf_article` [ RunTime:0.0072s ]
SQL: UPDATE `xxf_article` SET `is_top`='1' WHERE `id` = 45 [ RunTime:0.0004s ]
NOTIC: [2] unlink(./Application/Runtime/Temp/xxf_04c538e806e74a87d224ba761bb8f2bc.php): No such file or directory D:\wamp\www\myblog\ThinkPHP_3.2.3\Library\Think\Cache\Driver\File.class.php 第 157 行.

[ 2016-03-02T13:20:21+08:00 ] ::1 /myblog/Admin-Article-index
INFO: [ app_init ] --START--
INFO: Run Behavior\BuildLite [ RunTime:0.000039s ]
INFO: [ app_init ] --END-- [ RunTime:0.000829s ]
INFO: [ app_begin ] --START--
INFO: Run Behavior\ReadHtmlCache [ RunTime:0.001210s ]
INFO: [ app_begin ] --END-- [ RunTime:0.001442s ]
SQL: SHOW COLUMNS FROM `xxf_config` [ RunTime:0.0081s ]
SQL: SELECT `admin_page` FROM `xxf_config` LIMIT 1   [ RunTime:0.0004s ]
SQL: SHOW COLUMNS FROM `xxf_article` [ RunTime:0.0082s ]
NOTIC: [8] Undefined index: where D:\wamp\www\myblog\Application\Admin\Model\ArticleModel.class.php 第 38 行.
SQL: SELECT COUNT(*) AS tp_count FROM xxf_article art LIMIT 1   [ RunTime:0.0003s ]
NOTIC: [8] Undefined index: parameter D:\wamp\www\myblog\Application\Admin\Model\ArticleModel.class.php 第 39 行.
NOTIC: [8] Undefined index: where D:\wamp\www\myblog\Application\Admin\Model\ArticleModel.class.php 第 45 行.
SQL: SELECT art.*,art_cate.name cate_name,art_cate.status cate_status FROM xxf_article art LEFT JOIN xxf_article_category art_cate ON art_cate.id = art.cate_id AND art_cate.status < 9  ORDER BY is_top DESC,create_time DESC LIMIT 0,10   [ RunTime:0.0074s ]
INFO: [ view_parse ] --START--
INFO: [ template_filter ] --START--
INFO: Run Behavior\ContentReplace [ RunTime:0.000168s ]
INFO: [ template_filter ] --END-- [ RunTime:0.000329s ]
NOTIC: [8] Undefined index: title D:\wamp\www\myblog\Application\Runtime\Cache\Admin\7a4184ffe8f804b12b2e7f8851dd8f7d.php 第 89 行.
INFO: Run Behavior\ParseTemplate [ RunTime:0.038951s ]
INFO: [ view_parse ] --END-- [ RunTime:0.039237s ]
INFO: [ view_filter ] --START--
INFO: Run Behavior\WriteHtmlCache [ RunTime:0.001098s ]
INFO: [ view_filter ] --END-- [ RunTime:0.001316s ]
INFO: [ app_end ] --START--
INFO: Run Behavior\ShowPageTrace [ RunTime:0.001308s ]
INFO: [ app_end ] --END-- [ RunTime:0.001532s ]

[ 2016-03-02T13:20:23+08:00 ] ::1 /myblog/Admin-Article-onOff
INFO: [ app_init ] --START--
INFO: Run Behavior\BuildLite [ RunTime:0.000033s ]
INFO: [ app_init ] --END-- [ RunTime:0.000596s ]
INFO: [ app_begin ] --START--
INFO: Run Behavior\ReadHtmlCache [ RunTime:0.001115s ]
INFO: [ app_begin ] --END-- [ RunTime:0.001234s ]
SQL: SHOW COLUMNS FROM `xxf_article` [ RunTime:0.0344s ]
SQL: UPDATE `xxf_article` SET `is_top`='0' WHERE `id` = 45 [ RunTime:0.0005s ]
NOTIC: [2] unlink(./Application/Runtime/Temp/xxf_04c538e806e74a87d224ba761bb8f2bc.php): No such file or directory D:\wamp\www\myblog\ThinkPHP_3.2.3\Library\Think\Cache\Driver\File.class.php 第 157 行.

[ 2016-03-02T13:20:24+08:00 ] ::1 /myblog/Admin-Article-onOff
INFO: [ app_init ] --START--
INFO: Run Behavior\BuildLite [ RunTime:0.000040s ]
INFO: [ app_init ] --END-- [ RunTime:0.000726s ]
INFO: [ app_begin ] --START--
INFO: Run Behavior\ReadHtmlCache [ RunTime:0.001464s ]
INFO: [ app_begin ] --END-- [ RunTime:0.001599s ]
SQL: SHOW COLUMNS FROM `xxf_article` [ RunTime:0.0063s ]
SQL: UPDATE `xxf_article` SET `is_top`='1' WHERE `id` = 45 [ RunTime:0.0004s ]
NOTIC: [2] unlink(./Application/Runtime/Temp/xxf_04c538e806e74a87d224ba761bb8f2bc.php): No such file or directory D:\wamp\www\myblog\ThinkPHP_3.2.3\Library\Think\Cache\Driver\File.class.php 第 157 行.

[ 2016-03-02T13:21:37+08:00 ] ::1 /myblog/Admin-Twitter-index
INFO: [ app_init ] --START--
INFO: Run Behavior\BuildLite [ RunTime:0.000062s ]
INFO: [ app_init ] --END-- [ RunTime:0.001221s ]
INFO: [ app_begin ] --START--
INFO: Run Behavior\ReadHtmlCache [ RunTime:0.002153s ]
INFO: [ app_begin ] --END-- [ RunTime:0.002469s ]
SQL: SHOW COLUMNS FROM `xxf_config` [ RunTime:0.1220s ]
SQL: SELECT `admin_page` FROM `xxf_config` LIMIT 1   [ RunTime:0.0003s ]
SQL: SHOW COLUMNS FROM `xxf_twitter` [ RunTime:0.0076s ]
NOTIC: [8] Undefined index: where D:\wamp\www\myblog\Application\Admin\Model\TwitterModel.class.php 第 26 行.
SQL: SELECT COUNT(*) AS tp_count FROM xxf_twitter t LIMIT 1   [ RunTime:0.0003s ]
NOTIC: [8] Undefined index: parameter D:\wamp\www\myblog\Application\Admin\Model\TwitterModel.class.php 第 27 行.
NOTIC: [8] Undefined index: where D:\wamp\www\myblog\Application\Admin\Model\TwitterModel.class.php 第 33 行.
SQL: SELECT t.* FROM xxf_twitter t ORDER BY create_time DESC LIMIT 0,10   [ RunTime:0.0003s ]
INFO: [ view_parse ] --START--
INFO: [ template_filter ] --START--
INFO: Run Behavior\ContentReplace [ RunTime:0.000153s ]
INFO: [ template_filter ] --END-- [ RunTime:0.000312s ]
INFO: Run Behavior\ParseTemplate [ RunTime:0.034429s ]
INFO: [ view_parse ] --END-- [ RunTime:0.034647s ]
INFO: [ view_filter ] --START--
INFO: Run Behavior\WriteHtmlCache [ RunTime:0.001214s ]
INFO: [ view_filter ] --END-- [ RunTime:0.001372s ]
INFO: [ app_end ] --START--
INFO: Run Behavior\ShowPageTrace [ RunTime:0.001346s ]
INFO: [ app_end ] --END-- [ RunTime:0.001574s ]

[ 2016-03-02T13:21:50+08:00 ] ::1 /myblog/Admin-Article-index
INFO: [ app_init ] --START--
INFO: Run Behavior\BuildLite [ RunTime:0.000071s ]
INFO: [ app_init ] --END-- [ RunTime:0.001521s ]
INFO: [ app_begin ] --START--
INFO: Run Behavior\ReadHtmlCache [ RunTime:0.001601s ]
INFO: [ app_begin ] --END-- [ RunTime:0.001848s ]
SQL: SHOW COLUMNS FROM `xxf_config` [ RunTime:0.0997s ]
SQL: SELECT `admin_page` FROM `xxf_config` LIMIT 1   [ RunTime:0.0003s ]
SQL: SHOW COLUMNS FROM `xxf_article` [ RunTime:0.0277s ]
NOTIC: [8] Undefined index: where D:\wamp\www\myblog\Application\Admin\Model\ArticleModel.class.php 第 38 行.
SQL: SELECT COUNT(*) AS tp_count FROM xxf_article art LIMIT 1   [ RunTime:0.0003s ]
NOTIC: [8] Undefined index: parameter D:\wamp\www\myblog\Application\Admin\Model\ArticleModel.class.php 第 39 行.
NOTIC: [8] Undefined index: where D:\wamp\www\myblog\Application\Admin\Model\ArticleModel.class.php 第 45 行.
SQL: SELECT art.*,art_cate.name cate_name,art_cate.status cate_status FROM xxf_article art LEFT JOIN xxf_article_category art_cate ON art_cate.id = art.cate_id AND art_cate.status < 9  ORDER BY is_top DESC,create_time DESC LIMIT 0,10   [ RunTime:0.0065s ]
INFO: [ view_parse ] --START--
INFO: [ template_filter ] --START--
INFO: Run Behavior\ContentReplace [ RunTime:0.000170s ]
INFO: [ template_filter ] --END-- [ RunTime:0.000332s ]
NOTIC: [8] Undefined index: title D:\wamp\www\myblog\Application\Runtime\Cache\Admin\7a4184ffe8f804b12b2e7f8851dd8f7d.php 第 89 行.
INFO: Run Behavior\ParseTemplate [ RunTime:0.037836s ]
INFO: [ view_parse ] --END-- [ RunTime:0.038083s ]
INFO: [ view_filter ] --START--
INFO: Run Behavior\WriteHtmlCache [ RunTime:0.001528s ]
INFO: [ view_filter ] --END-- [ RunTime:0.001740s ]
INFO: [ app_end ] --START--
INFO: Run Behavior\ShowPageTrace [ RunTime:0.001396s ]
INFO: [ app_end ] --END-- [ RunTime:0.001600s ]

[ 2016-03-02T13:25:59+08:00 ] ::1 /myblog/Admin-Article-index
INFO: [ app_init ] --START--
INFO: Run Behavior\BuildLite [ RunTime:0.000033s ]
INFO: [ app_init ] --END-- [ RunTime:0.000693s ]
INFO: [ app_begin ] --START--
INFO: Run Behavior\ReadHtmlCache [ RunTime:0.001302s ]
INFO: [ app_begin ] --END-- [ RunTime:0.001516s ]
SQL: SHOW COLUMNS FROM `xxf_config` [ RunTime:0.0075s ]
SQL: SELECT `admin_page` FROM `xxf_config` LIMIT 1   [ RunTime:0.0003s ]
SQL: SHOW COLUMNS FROM `xxf_article` [ RunTime:0.0087s ]
NOTIC: [8] Undefined index: where D:\wamp\www\myblog\Application\Admin\Model\ArticleModel.class.php 第 38 行.
SQL: SELECT COUNT(*) AS tp_count FROM xxf_article art LIMIT 1   [ RunTime:0.0003s ]
NOTIC: [8] Undefined index: parameter D:\wamp\www\myblog\Application\Admin\Model\ArticleModel.class.php 第 39 行.
NOTIC: [8] Undefined index: where D:\wamp\www\myblog\Application\Admin\Model\ArticleModel.class.php 第 45 行.
SQL: SELECT art.*,art_cate.name cate_name,art_cate.status cate_status FROM xxf_article art LEFT JOIN xxf_article_category art_cate ON art_cate.id = art.cate_id AND art_cate.status < 9  ORDER BY is_top DESC,create_time DESC LIMIT 0,10   [ RunTime:0.0068s ]
INFO: [ view_parse ] --START--
INFO: [ template_filter ] --START--
INFO: Run Behavior\ContentReplace [ RunTime:0.000302s ]
INFO: [ template_filter ] --END-- [ RunTime:0.000573s ]
NOTIC: [8] Undefined index: title D:\wamp\www\myblog\Application\Runtime\Cache\Admin\7a4184ffe8f804b12b2e7f8851dd8f7d.php 第 84 行.
INFO: Run Behavior\ParseTemplate [ RunTime:0.040325s ]
INFO: [ view_parse ] --END-- [ RunTime:0.040509s ]
INFO: [ view_filter ] --START--
INFO: Run Behavior\WriteHtmlCache [ RunTime:0.001672s ]
INFO: [ view_filter ] --END-- [ RunTime:0.001887s ]
INFO: [ app_end ] --START--
INFO: Run Behavior\ShowPageTrace [ RunTime:0.001911s ]
INFO: [ app_end ] --END-- [ RunTime:0.002168s ]

[ 2016-03-02T13:26:01+08:00 ] ::1 /myblog/Admin-Article-index
INFO: [ app_init ] --START--
INFO: Run Behavior\BuildLite [ RunTime:0.000050s ]
INFO: [ app_init ] --END-- [ RunTime:0.000928s ]
INFO: [ app_begin ] --START--
INFO: Run Behavior\ReadHtmlCache [ RunTime:0.001270s ]
INFO: [ app_begin ] --END-- [ RunTime:0.001473s ]
SQL: SHOW COLUMNS FROM `xxf_config` [ RunTime:0.0088s ]
SQL: SELECT `admin_page` FROM `xxf_config` LIMIT 1   [ RunTime:0.0004s ]
SQL: SHOW COLUMNS FROM `xxf_article` [ RunTime:0.0079s ]
NOTIC: [8] Undefined index: where D:\wamp\www\myblog\Application\Admin\Model\ArticleModel.class.php 第 38 行.
SQL: SELECT COUNT(*) AS tp_count FROM xxf_article art LIMIT 1   [ RunTime:0.0003s ]
NOTIC: [8] Undefined index: parameter D:\wamp\www\myblog\Application\Admin\Model\ArticleModel.class.php 第 39 行.
NOTIC: [8] Undefined index: where D:\wamp\www\myblog\Application\Admin\Model\ArticleModel.class.php 第 45 行.
SQL: SELECT art.*,art_cate.name cate_name,art_cate.status cate_status FROM xxf_article art LEFT JOIN xxf_article_category art_cate ON art_cate.id = art.cate_id AND art_cate.status < 9  ORDER BY is_top DESC,create_time DESC LIMIT 0,10   [ RunTime:0.0081s ]
INFO: [ view_parse ] --START--
INFO: [ template_filter ] --START--
INFO: Run Behavior\ContentReplace [ RunTime:0.000162s ]
INFO: [ template_filter ] --END-- [ RunTime:0.000320s ]
NOTIC: [8] Undefined index: title D:\wamp\www\myblog\Application\Runtime\Cache\Admin\7a4184ffe8f804b12b2e7f8851dd8f7d.php 第 84 行.
INFO: Run Behavior\ParseTemplate [ RunTime:0.040920s ]
INFO: [ view_parse ] --END-- [ RunTime:0.041214s ]
INFO: [ view_filter ] --START--
INFO: Run Behavior\WriteHtmlCache [ RunTime:0.001177s ]
INFO: [ view_filter ] --END-- [ RunTime:0.001436s ]
INFO: [ app_end ] --START--
INFO: Run Behavior\ShowPageTrace [ RunTime:0.001453s ]
INFO: [ app_end ] --END-- [ RunTime:0.001717s ]

[ 2016-03-02T13:26:02+08:00 ] ::1 /myblog/Admin-Article-void(0);
INFO: [ app_init ] --START--
INFO: Run Behavior\BuildLite [ RunTime:0.000036s ]
INFO: [ app_init ] --END-- [ RunTime:0.000684s ]
INFO: [ app_begin ] --START--
INFO: Run Behavior\ReadHtmlCache [ RunTime:0.001586s ]
INFO: [ app_begin ] --END-- [ RunTime:0.001847s ]
ERR: 非法操作:void(0);

[ 2016-03-02T13:27:16+08:00 ] ::1 /myblog/Admin-Article-void(0);
INFO: [ app_init ] --START--
INFO: Run Behavior\BuildLite [ RunTime:0.000038s ]
INFO: [ app_init ] --END-- [ RunTime:0.000727s ]
INFO: [ app_begin ] --START--
INFO: Run Behavior\ReadHtmlCache [ RunTime:0.001590s ]
INFO: [ app_begin ] --END-- [ RunTime:0.001878s ]
ERR: 非法操作:void(0);

[ 2016-03-02T13:27:55+08:00 ] ::1 /myblog/Admin-Article-index
INFO: [ app_init ] --START--
INFO: Run Behavior\BuildLite [ RunTime:0.000037s ]
INFO: [ app_init ] --END-- [ RunTime:0.000656s ]
INFO: [ app_begin ] --START--
INFO: Run Behavior\ReadHtmlCache [ RunTime:0.001457s ]
INFO: [ app_begin ] --END-- [ RunTime:0.001615s ]
SQL: SHOW COLUMNS FROM `xxf_config` [ RunTime:0.0076s ]
SQL: SELECT `admin_page` FROM `xxf_config` LIMIT 1   [ RunTime:0.0004s ]
SQL: SHOW COLUMNS FROM `xxf_article` [ RunTime:0.0086s ]
NOTIC: [8] Undefined index: where D:\wamp\www\myblog\Application\Admin\Model\ArticleModel.class.php 第 38 行.
SQL: SELECT COUNT(*) AS tp_count FROM xxf_article art LIMIT 1   [ RunTime:0.0004s ]
NOTIC: [8] Undefined index: parameter D:\wamp\www\myblog\Application\Admin\Model\ArticleModel.class.php 第 39 行.
NOTIC: [8] Undefined index: where D:\wamp\www\myblog\Application\Admin\Model\ArticleModel.class.php 第 45 行.
SQL: SELECT art.*,art_cate.name cate_name,art_cate.status cate_status FROM xxf_article art LEFT JOIN xxf_article_category art_cate ON art_cate.id = art.cate_id AND art_cate.status < 9  ORDER BY is_top DESC,create_time DESC LIMIT 0,10   [ RunTime:0.0084s ]
INFO: [ view_parse ] --START--
INFO: [ template_filter ] --START--
INFO: Run Behavior\ContentReplace [ RunTime:0.000163s ]
INFO: [ template_filter ] --END-- [ RunTime:0.000383s ]
NOTIC: [8] Undefined index: title D:\wamp\www\myblog\Application\Runtime\Cache\Admin\7a4184ffe8f804b12b2e7f8851dd8f7d.php 第 84 行.
INFO: Run Behavior\ParseTemplate [ RunTime:0.041386s ]
INFO: [ view_parse ] --END-- [ RunTime:0.041554s ]
INFO: [ view_filter ] --START--
INFO: Run Behavior\WriteHtmlCache [ RunTime:0.001616s ]
INFO: [ view_filter ] --END-- [ RunTime:0.002009s ]
INFO: [ app_end ] --START--
INFO: Run Behavior\ShowPageTrace [ RunTime:0.001516s ]
INFO: [ app_end ] --END-- [ RunTime:0.001674s ]

[ 2016-03-02T13:27:56+08:00 ] ::1 /myblog/Admin-Article-index
INFO: [ app_init ] --START--
INFO: Run Behavior\BuildLite [ RunTime:0.000035s ]
INFO: [ app_init ] --END-- [ RunTime:0.000637s ]
INFO: [ app_begin ] --START--
INFO: Run Behavior\ReadHtmlCache [ RunTime:0.001796s ]
INFO: [ app_begin ] --END-- [ RunTime:0.001995s ]
SQL: SHOW COLUMNS FROM `xxf_config` [ RunTime:0.0076s ]
SQL: SELECT `admin_page` FROM `xxf_config` LIMIT 1   [ RunTime:0.0006s ]
SQL: SHOW COLUMNS FROM `xxf_article` [ RunTime:0.0071s ]
NOTIC: [8] Undefined index: where D:\wamp\www\myblog\Application\Admin\Model\ArticleModel.class.php 第 38 行.
SQL: SELECT COUNT(*) AS tp_count FROM xxf_article art LIMIT 1   [ RunTime:0.0003s ]
NOTIC: [8] Undefined index: parameter D:\wamp\www\myblog\Application\Admin\Model\ArticleModel.class.php 第 39 行.
NOTIC: [8] Undefined index: where D:\wamp\www\myblog\Application\Admin\Model\ArticleModel.class.php 第 45 行.
SQL: SELECT art.*,art_cate.name cate_name,art_cate.status cate_status FROM xxf_article art LEFT JOIN xxf_article_category art_cate ON art_cate.id = art.cate_id AND art_cate.status < 9  ORDER BY is_top DESC,create_time DESC LIMIT 0,10   [ RunTime:0.0071s ]
INFO: [ view_parse ] --START--
INFO: [ template_filter ] --START--
INFO: Run Behavior\ContentReplace [ RunTime:0.000266s ]
INFO: [ template_filter ] --END-- [ RunTime:0.000535s ]
NOTIC: [8] Undefined index: title D:\wamp\www\myblog\Application\Runtime\Cache\Admin\7a4184ffe8f804b12b2e7f8851dd8f7d.php 第 84 行.
INFO: Run Behavior\ParseTemplate [ RunTime:0.040879s ]
INFO: [ view_parse ] --END-- [ RunTime:0.041100s ]
INFO: [ view_filter ] --START--
INFO: Run Behavior\WriteHtmlCache [ RunTime:0.001519s ]
INFO: [ view_filter ] --END-- [ RunTime:0.001775s ]
INFO: [ app_end ] --START--
INFO: Run Behavior\ShowPageTrace [ RunTime:0.002407s ]
INFO: [ app_end ] --END-- [ RunTime:0.002686s ]

[ 2016-03-02T13:27:59+08:00 ] ::1 /myblog/Admin-Article-index
INFO: [ app_init ] --START--
INFO: Run Behavior\BuildLite [ RunTime:0.000043s ]
INFO: [ app_init ] --END-- [ RunTime:0.000894s ]
INFO: [ app_begin ] --START--
INFO: Run Behavior\ReadHtmlCache [ RunTime:0.001355s ]
INFO: [ app_begin ] --END-- [ RunTime:0.001544s ]
SQL: SHOW COLUMNS FROM `xxf_config` [ RunTime:0.0077s ]
SQL: SELECT `admin_page` FROM `xxf_config` LIMIT 1   [ RunTime:0.0003s ]
SQL: SHOW COLUMNS FROM `xxf_article` [ RunTime:0.0059s ]
NOTIC: [8] Undefined index: where D:\wamp\www\myblog\Application\Admin\Model\ArticleModel.class.php 第 38 行.
SQL: SELECT COUNT(*) AS tp_count FROM xxf_article art LIMIT 1   [ RunTime:0.0002s ]
NOTIC: [8] Undefined index: parameter D:\wamp\www\myblog\Application\Admin\Model\ArticleModel.class.php 第 39 行.
NOTIC: [8] Undefined index: where D:\wamp\www\myblog\Application\Admin\Model\ArticleModel.class.php 第 45 行.
SQL: SELECT art.*,art_cate.name cate_name,art_cate.status cate_status FROM xxf_article art LEFT JOIN xxf_article_category art_cate ON art_cate.id = art.cate_id AND art_cate.status < 9  ORDER BY is_top DESC,create_time DESC LIMIT 0,10   [ RunTime:0.0069s ]
INFO: [ view_parse ] --START--
INFO: [ template_filter ] --START--
INFO: Run Behavior\ContentReplace [ RunTime:0.000233s ]
INFO: [ template_filter ] --END-- [ RunTime:0.000524s ]
NOTIC: [8] Undefined index: title D:\wamp\www\myblog\Application\Runtime\Cache\Admin\7a4184ffe8f804b12b2e7f8851dd8f7d.php 第 84 行.
INFO: Run Behavior\ParseTemplate [ RunTime:0.035921s ]
INFO: [ view_parse ] --END-- [ RunTime:0.036079s ]
INFO: [ view_filter ] --START--
INFO: Run Behavior\WriteHtmlCache [ RunTime:0.001096s ]
INFO: [ view_filter ] --END-- [ RunTime:0.001248s ]
INFO: [ app_end ] --START--
INFO: Run Behavior\ShowPageTrace [ RunTime:0.001308s ]
INFO: [ app_end ] --END-- [ RunTime:0.001494s ]

[ 2016-03-02T13:28:00+08:00 ] ::1 /myblog/Admin-Article-index
INFO: [ app_init ] --START--
INFO: Run Behavior\BuildLite [ RunTime:0.000069s ]
INFO: [ app_init ] --END-- [ RunTime:0.001315s ]
INFO: [ app_begin ] --START--
INFO: Run Behavior\ReadHtmlCache [ RunTime:0.001486s ]
INFO: [ app_begin ] --END-- [ RunTime:0.001733s ]
SQL: SHOW COLUMNS FROM `xxf_config` [ RunTime:0.0084s ]
SQL: SELECT `admin_page` FROM `xxf_config` LIMIT 1   [ RunTime:0.0003s ]
SQL: SHOW COLUMNS FROM `xxf_article` [ RunTime:0.0076s ]
NOTIC: [8] Undefined index: where D:\wamp\www\myblog\Application\Admin\Model\ArticleModel.class.php 第 38 行.
SQL: SELECT COUNT(*) AS tp_count FROM xxf_article art LIMIT 1   [ RunTime:0.0003s ]
NOTIC: [8] Undefined index: parameter D:\wamp\www\myblog\Application\Admin\Model\ArticleModel.class.php 第 39 行.
NOTIC: [8] Undefined index: where D:\wamp\www\myblog\Application\Admin\Model\ArticleModel.class.php 第 45 行.
SQL: SELECT art.*,art_cate.name cate_name,art_cate.status cate_status FROM xxf_article art LEFT JOIN xxf_article_category art_cate ON art_cate.id = art.cate_id AND art_cate.status < 9  ORDER BY is_top DESC,create_time DESC LIMIT 0,10   [ RunTime:0.0074s ]
INFO: [ view_parse ] --START--
INFO: [ template_filter ] --START--
INFO: Run Behavior\ContentReplace [ RunTime:0.000160s ]
INFO: [ template_filter ] --END-- [ RunTime:0.000323s ]
NOTIC: [8] Undefined index: title D:\wamp\www\myblog\Application\Runtime\Cache\Admin\7a4184ffe8f804b12b2e7f8851dd8f7d.php 第 84 行.
INFO: Run Behavior\ParseTemplate [ RunTime:0.035934s ]
INFO: [ view_parse ] --END-- [ RunTime:0.036096s ]
INFO: [ view_filter ] --START--
INFO: Run Behavior\WriteHtmlCache [ RunTime:0.001151s ]
INFO: [ view_filter ] --END-- [ RunTime:0.001296s ]
INFO: [ app_end ] --START--
INFO: Run Behavior\ShowPageTrace [ RunTime:0.001289s ]
INFO: [ app_end ] --END-- [ RunTime:0.001436s ]

[ 2016-03-02T13:28:01+08:00 ] ::1 /myblog/Admin-Article-index
INFO: [ app_init ] --START--
INFO: Run Behavior\BuildLite [ RunTime:0.000038s ]
INFO: [ app_init ] --END-- [ RunTime:0.000739s ]
INFO: [ app_begin ] --START--
INFO: Run Behavior\ReadHtmlCache [ RunTime:0.002070s ]
INFO: [ app_begin ] --END-- [ RunTime:0.002471s ]
SQL: SHOW COLUMNS FROM `xxf_config` [ RunTime:0.0068s ]
SQL: SELECT `admin_page` FROM `xxf_config` LIMIT 1   [ RunTime:0.0003s ]
SQL: SHOW COLUMNS FROM `xxf_article` [ RunTime:0.0068s ]
NOTIC: [8] Undefined index: where D:\wamp\www\myblog\Application\Admin\Model\ArticleModel.class.php 第 38 行.
SQL: SELECT COUNT(*) AS tp_count FROM xxf_article art LIMIT 1   [ RunTime:0.0002s ]
NOTIC: [8] Undefined index: parameter D:\wamp\www\myblog\Application\Admin\Model\ArticleModel.class.php 第 39 行.
NOTIC: [8] Undefined index: where D:\wamp\www\myblog\Application\Admin\Model\ArticleModel.class.php 第 45 行.
SQL: SELECT art.*,art_cate.name cate_name,art_cate.status cate_status FROM xxf_article art LEFT JOIN xxf_article_category art_cate ON art_cate.id = art.cate_id AND art_cate.status < 9  ORDER BY is_top DESC,create_time DESC LIMIT 0,10   [ RunTime:0.0062s ]
INFO: [ view_parse ] --START--
INFO: [ template_filter ] --START--
INFO: Run Behavior\ContentReplace [ RunTime:0.000176s ]
INFO: [ template_filter ] --END-- [ RunTime:0.000335s ]
NOTIC: [8] Undefined index: title D:\wamp\www\myblog\Application\Runtime\Cache\Admin\7a4184ffe8f804b12b2e7f8851dd8f7d.php 第 84 行.
INFO: Run Behavior\ParseTemplate [ RunTime:0.032005s ]
INFO: [ view_parse ] --END-- [ RunTime:0.032244s ]
INFO: [ view_filter ] --START--
INFO: Run Behavior\WriteHtmlCache [ RunTime:0.001495s ]
INFO: [ view_filter ] --END-- [ RunTime:0.001737s ]
INFO: [ app_end ] --START--
INFO: Run Behavior\ShowPageTrace [ RunTime:0.001734s ]
INFO: [ app_end ] --END-- [ RunTime:0.001971s ]

[ 2016-03-02T13:28:02+08:00 ] ::1 /myblog/Admin-Article-index
INFO: [ app_init ] --START--
INFO: Run Behavior\BuildLite [ RunTime:0.000062s ]
INFO: [ app_init ] --END-- [ RunTime:0.000987s ]
INFO: [ app_begin ] --START--
INFO: Run Behavior\ReadHtmlCache [ RunTime:0.001321s ]
INFO: [ app_begin ] --END-- [ RunTime:0.001514s ]
SQL: SHOW COLUMNS FROM `xxf_config` [ RunTime:0.0084s ]
SQL: SELECT `admin_page` FROM `xxf_config` LIMIT 1   [ RunTime:0.0003s ]
SQL: SHOW COLUMNS FROM `xxf_article` [ RunTime:0.0070s ]
NOTIC: [8] Undefined index: where D:\wamp\www\myblog\Application\Admin\Model\ArticleModel.class.php 第 38 行.
SQL: SELECT COUNT(*) AS tp_count FROM xxf_article art LIMIT 1   [ RunTime:0.0002s ]
NOTIC: [8] Undefined index: parameter D:\wamp\www\myblog\Application\Admin\Model\ArticleModel.class.php 第 39 行.
NOTIC: [8] Undefined index: where D:\wamp\www\myblog\Application\Admin\Model\ArticleModel.class.php 第 45 行.
SQL: SELECT art.*,art_cate.name cate_name,art_cate.status cate_status FROM xxf_article art LEFT JOIN xxf_article_category art_cate ON art_cate.id = art.cate_id AND art_cate.status < 9  ORDER BY is_top DESC,create_time DESC LIMIT 0,10   [ RunTime:0.0075s ]
INFO: [ view_parse ] --START--
INFO: [ template_filter ] --START--
INFO: Run Behavior\ContentReplace [ RunTime:0.000195s ]
INFO: [ template_filter ] --END-- [ RunTime:0.000413s ]
NOTIC: [8] Undefined index: title D:\wamp\www\myblog\Application\Runtime\Cache\Admin\7a4184ffe8f804b12b2e7f8851dd8f7d.php 第 84 行.
INFO: Run Behavior\ParseTemplate [ RunTime:0.036499s ]
INFO: [ view_parse ] --END-- [ RunTime:0.036663s ]
INFO: [ view_filter ] --START--
INFO: Run Behavior\WriteHtmlCache [ RunTime:0.001134s ]
INFO: [ view_filter ] --END-- [ RunTime:0.001274s ]
INFO: [ app_end ] --START--
INFO: Run Behavior\ShowPageTrace [ RunTime:0.001791s ]
INFO: [ app_end ] --END-- [ RunTime:0.001971s ]

[ 2016-03-02T13:28:03+08:00 ] ::1 /myblog/Admin-Twitter-index
INFO: [ app_init ] --START--
INFO: Run Behavior\BuildLite [ RunTime:0.000038s ]
INFO: [ app_init ] --END-- [ RunTime:0.000657s ]
INFO: [ app_begin ] --START--
INFO: Run Behavior\ReadHtmlCache [ RunTime:0.001394s ]
INFO: [ app_begin ] --END-- [ RunTime:0.001654s ]
SQL: SHOW COLUMNS FROM `xxf_config` [ RunTime:0.0080s ]
SQL: SELECT `admin_page` FROM `xxf_config` LIMIT 1   [ RunTime:0.0003s ]
SQL: SHOW COLUMNS FROM `xxf_twitter` [ RunTime:0.0071s ]
NOTIC: [8] Undefined index: where D:\wamp\www\myblog\Application\Admin\Model\TwitterModel.class.php 第 26 行.
SQL: SELECT COUNT(*) AS tp_count FROM xxf_twitter t LIMIT 1   [ RunTime:0.0003s ]
NOTIC: [8] Undefined index: parameter D:\wamp\www\myblog\Application\Admin\Model\TwitterModel.class.php 第 27 行.
NOTIC: [8] Undefined index: where D:\wamp\www\myblog\Application\Admin\Model\TwitterModel.class.php 第 33 行.
SQL: SELECT t.* FROM xxf_twitter t ORDER BY create_time DESC LIMIT 0,10   [ RunTime:0.0003s ]
INFO: [ view_parse ] --START--
INFO: [ template_filter ] --START--
INFO: Run Behavior\ContentReplace [ RunTime:0.000155s ]
INFO: [ template_filter ] --END-- [ RunTime:0.000325s ]
INFO: Run Behavior\ParseTemplate [ RunTime:0.029603s ]
INFO: [ view_parse ] --END-- [ RunTime:0.029764s ]
INFO: [ view_filter ] --START--
INFO: Run Behavior\WriteHtmlCache [ RunTime:0.001025s ]
INFO: [ view_filter ] --END-- [ RunTime:0.001165s ]
INFO: [ app_end ] --START--
INFO: Run Behavior\ShowPageTrace [ RunTime:0.001223s ]
INFO: [ app_end ] --END-- [ RunTime:0.001365s ]

[ 2016-03-02T13:28:05+08:00 ] ::1 /myblog/Admin-Twitter-index
INFO: [ app_init ] --START--
INFO: Run Behavior\BuildLite [ RunTime:0.000064s ]
INFO: [ app_init ] --END-- [ RunTime:0.001178s ]
INFO: [ app_begin ] --START--
INFO: Run Behavior\ReadHtmlCache [ RunTime:0.001269s ]
INFO: [ app_begin ] --END-- [ RunTime:0.001473s ]
SQL: SHOW COLUMNS FROM `xxf_config` [ RunTime:0.0083s ]
SQL: SELECT `admin_page` FROM `xxf_config` LIMIT 1   [ RunTime:0.0004s ]
SQL: SHOW COLUMNS FROM `xxf_twitter` [ RunTime:0.0068s ]
NOTIC: [8] Undefined index: where D:\wamp\www\myblog\Application\Admin\Model\TwitterModel.class.php 第 26 行.
SQL: SELECT COUNT(*) AS tp_count FROM xxf_twitter t LIMIT 1   [ RunTime:0.0003s ]
NOTIC: [8] Undefined index: parameter D:\wamp\www\myblog\Application\Admin\Model\TwitterModel.class.php 第 27 行.
NOTIC: [8] Undefined index: where D:\wamp\www\myblog\Application\Admin\Model\TwitterModel.class.php 第 33 行.
SQL: SELECT t.* FROM xxf_twitter t ORDER BY create_time DESC LIMIT 0,10   [ RunTime:0.0003s ]
INFO: [ view_parse ] --START--
INFO: [ template_filter ] --START--
INFO: Run Behavior\ContentReplace [ RunTime:0.000188s ]
INFO: [ template_filter ] --END-- [ RunTime:0.000403s ]
INFO: Run Behavior\ParseTemplate [ RunTime:0.027254s ]
INFO: [ view_parse ] --END-- [ RunTime:0.027474s ]
INFO: [ view_filter ] --START--
INFO: Run Behavior\WriteHtmlCache [ RunTime:0.000977s ]
INFO: [ view_filter ] --END-- [ RunTime:0.001108s ]
INFO: [ app_end ] --START--
INFO: Run Behavior\ShowPageTrace [ RunTime:0.001244s ]
INFO: [ app_end ] --END-- [ RunTime:0.001379s ]

[ 2016-03-02T13:28:06+08:00 ] ::1 /myblog/Admin-Twitter-index
INFO: [ app_init ] --START--
INFO: Run Behavior\BuildLite [ RunTime:0.000038s ]
INFO: [ app_init ] --END-- [ RunTime:0.000839s ]
INFO: [ app_begin ] --START--
INFO: Run Behavior\ReadHtmlCache [ RunTime:0.001709s ]
INFO: [ app_begin ] --END-- [ RunTime:0.001952s ]
SQL: SHOW COLUMNS FROM `xxf_config` [ RunTime:0.0070s ]
SQL: SELECT `admin_page` FROM `xxf_config` LIMIT 1   [ RunTime:0.0003s ]
SQL: SHOW COLUMNS FROM `xxf_twitter` [ RunTime:0.0076s ]
NOTIC: [8] Undefined index: where D:\wamp\www\myblog\Application\Admin\Model\TwitterModel.class.php 第 26 行.
SQL: SELECT COUNT(*) AS tp_count FROM xxf_twitter t LIMIT 1   [ RunTime:0.0004s ]
NOTIC: [8] Undefined index: parameter D:\wamp\www\myblog\Application\Admin\Model\TwitterModel.class.php 第 27 行.
NOTIC: [8] Undefined index: where D:\wamp\www\myblog\Application\Admin\Model\TwitterModel.class.php 第 33 行.
SQL: SELECT t.* FROM xxf_twitter t ORDER BY create_time DESC LIMIT 0,10   [ RunTime:0.0004s ]
INFO: [ view_parse ] --START--
INFO: [ template_filter ] --START--
INFO: Run Behavior\ContentReplace [ RunTime:0.000263s ]
INFO: [ template_filter ] --END-- [ RunTime:0.000561s ]
INFO: Run Behavior\ParseTemplate [ RunTime:0.032628s ]
INFO: [ view_parse ] --END-- [ RunTime:0.032794s ]
INFO: [ view_filter ] --START--
INFO: Run Behavior\WriteHtmlCache [ RunTime:0.001550s ]
INFO: [ view_filter ] --END-- [ RunTime:0.001832s ]
INFO: [ app_end ] --START--
INFO: Run Behavior\ShowPageTrace [ RunTime:0.001657s ]
INFO: [ app_end ] --END-- [ RunTime:0.001857s ]

[ 2016-03-02T13:28:07+08:00 ] ::1 /myblog/Admin-Twitter-index
INFO: [ app_init ] --START--
INFO: Run Behavior\BuildLite [ RunTime:0.000065s ]
INFO: [ app_init ] --END-- [ RunTime:0.000805s ]
INFO: [ app_begin ] --START--
INFO: Run Behavior\ReadHtmlCache [ RunTime:0.001727s ]
INFO: [ app_begin ] --END-- [ RunTime:0.002014s ]
SQL: SHOW COLUMNS FROM `xxf_config` [ RunTime:0.0078s ]
SQL: SELECT `admin_page` FROM `xxf_config` LIMIT 1   [ RunTime:0.0003s ]
SQL: SHOW COLUMNS FROM `xxf_twitter` [ RunTime:0.0057s ]
NOTIC: [8] Undefined index: where D:\wamp\www\myblog\Application\Admin\Model\TwitterModel.class.php 第 26 行.
SQL: SELECT COUNT(*) AS tp_count FROM xxf_twitter t LIMIT 1   [ RunTime:0.0004s ]
NOTIC: [8] Undefined index: parameter D:\wamp\www\myblog\Application\Admin\Model\TwitterModel.class.php 第 27 行.
NOTIC: [8] Undefined index: where D:\wamp\www\myblog\Application\Admin\Model\TwitterModel.class.php 第 33 行.
SQL: SELECT t.* FROM xxf_twitter t ORDER BY create_time DESC LIMIT 0,10   [ RunTime:0.0004s ]
INFO: [ view_parse ] --START--
INFO: [ template_filter ] --START--
INFO: Run Behavior\ContentReplace [ RunTime:0.000152s ]
INFO: [ template_filter ] --END-- [ RunTime:0.000310s ]
INFO: Run Behavior\ParseTemplate [ RunTime:0.025547s ]
INFO: [ view_parse ] --END-- [ RunTime:0.025696s ]
INFO: [ view_filter ] --START--
INFO: Run Behavior\WriteHtmlCache [ RunTime:0.000981s ]
INFO: [ view_filter ] --END-- [ RunTime:0.001113s ]
INFO: [ app_end ] --START--
INFO: Run Behavior\ShowPageTrace [ RunTime:0.001211s ]
INFO: [ app_end ] --END-- [ RunTime:0.001348s ]

[ 2016-03-02T13:28:56+08:00 ] ::1 /myblog/Admin-Twitter-index
INFO: [ app_init ] --START--
INFO: Run Behavior\BuildLite [ RunTime:0.000076s ]
INFO: [ app_init ] --END-- [ RunTime:0.001814s ]
INFO: [ app_begin ] --START--
INFO: Run Behavior\ReadHtmlCache [ RunTime:0.002005s ]
INFO: [ app_begin ] --END-- [ RunTime:0.002306s ]
SQL: SHOW COLUMNS FROM `xxf_config` [ RunTime:0.0070s ]
SQL: SELECT `admin_page` FROM `xxf_config` LIMIT 1   [ RunTime:0.0004s ]
SQL: SHOW COLUMNS FROM `xxf_twitter` [ RunTime:0.0060s ]
NOTIC: [8] Undefined index: where D:\wamp\www\myblog\Application\Admin\Model\TwitterModel.class.php 第 26 行.
SQL: SELECT COUNT(*) AS tp_count FROM xxf_twitter t LIMIT 1   [ RunTime:0.0004s ]
NOTIC: [8] Undefined index: parameter D:\wamp\www\myblog\Application\Admin\Model\TwitterModel.class.php 第 27 行.
NOTIC: [8] Undefined index: where D:\wamp\www\myblog\Application\Admin\Model\TwitterModel.class.php 第 33 行.
SQL: SELECT t.* FROM xxf_twitter t ORDER BY create_time DESC LIMIT 0,10   [ RunTime:0.0004s ]
INFO: [ view_parse ] --START--
INFO: [ template_filter ] --START--
INFO: Run Behavior\ContentReplace [ RunTime:0.000148s ]
INFO: [ template_filter ] --END-- [ RunTime:0.000304s ]
INFO: Run Behavior\ParseTemplate [ RunTime:0.025864s ]
INFO: [ view_parse ] --END-- [ RunTime:0.026026s ]
INFO: [ view_filter ] --START--
INFO: Run Behavior\WriteHtmlCache [ RunTime:0.001101s ]
INFO: [ view_filter ] --END-- [ RunTime:0.001243s ]
INFO: [ app_end ] --START--
INFO: Run Behavior\ShowPageTrace [ RunTime:0.001227s ]
INFO: [ app_end ] --END-- [ RunTime:0.001369s ]

[ 2016-03-02T13:28:57+08:00 ] ::1 /myblog/Admin-Twitter-index
INFO: [ app_init ] --START--
INFO: Run Behavior\BuildLite [ RunTime:0.000037s ]
INFO: [ app_init ] --END-- [ RunTime:0.000691s ]
INFO: [ app_begin ] --START--
INFO: Run Behavior\ReadHtmlCache [ RunTime:0.001344s ]
INFO: [ app_begin ] --END-- [ RunTime:0.001511s ]
SQL: SHOW COLUMNS FROM `xxf_config` [ RunTime:0.0068s ]
SQL: SELECT `admin_page` FROM `xxf_config` LIMIT 1   [ RunTime:0.0002s ]
SQL: SHOW COLUMNS FROM `xxf_twitter` [ RunTime:0.0097s ]
NOTIC: [8] Undefined index: where D:\wamp\www\myblog\Application\Admin\Model\TwitterModel.class.php 第 26 行.
SQL: SELECT COUNT(*) AS tp_count FROM xxf_twitter t LIMIT 1   [ RunTime:0.0004s ]
NOTIC: [8] Undefined index: parameter D:\wamp\www\myblog\Application\Admin\Model\TwitterModel.class.php 第 27 行.
NOTIC: [8] Undefined index: where D:\wamp\www\myblog\Application\Admin\Model\TwitterModel.class.php 第 33 行.
SQL: SELECT t.* FROM xxf_twitter t ORDER BY create_time DESC LIMIT 0,10   [ RunTime:0.0004s ]
INFO: [ view_parse ] --START--
INFO: [ template_filter ] --START--
INFO: Run Behavior\ContentReplace [ RunTime:0.000150s ]
INFO: [ template_filter ] --END-- [ RunTime:0.000305s ]
INFO: Run Behavior\ParseTemplate [ RunTime:0.026670s ]
INFO: [ view_parse ] --END-- [ RunTime:0.026832s ]
INFO: [ view_filter ] --START--
INFO: Run Behavior\WriteHtmlCache [ RunTime:0.001202s ]
INFO: [ view_filter ] --END-- [ RunTime:0.001346s ]
INFO: [ app_end ] --START--
INFO: Run Behavior\ShowPageTrace [ RunTime:0.001470s ]
INFO: [ app_end ] --END-- [ RunTime:0.001627s ]

[ 2016-03-02T13:29:00+08:00 ] ::1 /myblog/Admin-Twitter-index
INFO: [ app_init ] --START--
INFO: Run Behavior\BuildLite [ RunTime:0.000044s ]
INFO: [ app_init ] --END-- [ RunTime:0.000807s ]
INFO: [ app_begin ] --START--
INFO: Run Behavior\ReadHtmlCache [ RunTime:0.001196s ]
INFO: [ app_begin ] --END-- [ RunTime:0.001365s ]
SQL: SHOW COLUMNS FROM `xxf_config` [ RunTime:0.0083s ]
SQL: SELECT `admin_page` FROM `xxf_config` LIMIT 1   [ RunTime:0.0003s ]
SQL: SHOW COLUMNS FROM `xxf_twitter` [ RunTime:0.0091s ]
NOTIC: [8] Undefined index: where D:\wamp\www\myblog\Application\Admin\Model\TwitterModel.class.php 第 26 行.
SQL: SELECT COUNT(*) AS tp_count FROM xxf_twitter t LIMIT 1   [ RunTime:0.0005s ]
NOTIC: [8] Undefined index: parameter D:\wamp\www\myblog\Application\Admin\Model\TwitterModel.class.php 第 27 行.
NOTIC: [8] Undefined index: where D:\wamp\www\myblog\Application\Admin\Model\TwitterModel.class.php 第 33 行.
SQL: SELECT t.* FROM xxf_twitter t ORDER BY create_time DESC LIMIT 0,10   [ RunTime:0.0004s ]
INFO: [ view_parse ] --START--
INFO: [ template_filter ] --START--
INFO: Run Behavior\ContentReplace [ RunTime:0.000276s ]
INFO: [ template_filter ] --END-- [ RunTime:0.000584s ]
INFO: Run Behavior\ParseTemplate [ RunTime:0.029982s ]
INFO: [ view_parse ] --END-- [ RunTime:0.030190s ]
INFO: [ view_filter ] --START--
INFO: Run Behavior\WriteHtmlCache [ RunTime:0.001158s ]
INFO: [ view_filter ] --END-- [ RunTime:0.001313s ]
INFO: [ app_end ] --START--
INFO: Run Behavior\ShowPageTrace [ RunTime:0.001243s ]
INFO: [ app_end ] --END-- [ RunTime:0.001385s ]

[ 2016-03-02T13:29:04+08:00 ] ::1 /myblog/Admin-FriendlyLink-index
INFO: [ app_init ] --START--
INFO: Run Behavior\BuildLite [ RunTime:0.000034s ]
INFO: [ app_init ] --END-- [ RunTime:0.000610s ]
INFO: [ app_begin ] --START--
INFO: Run Behavior\ReadHtmlCache [ RunTime:0.001345s ]
INFO: [ app_begin ] --END-- [ RunTime:0.001523s ]
SQL: SHOW COLUMNS FROM `xxf_config` [ RunTime:0.0079s ]
SQL: SELECT `admin_page` FROM `xxf_config` LIMIT 1   [ RunTime:0.0003s ]
SQL: SHOW COLUMNS FROM `xxf_friendly_link` [ RunTime:0.0078s ]
NOTIC: [8] Undefined index: where D:\wamp\www\myblog\Application\Admin\Model\FriendlyLinkModel.class.php 第 28 行.
SQL: SELECT COUNT(*) AS tp_count FROM xxf_friendly_link fl LIMIT 1   [ RunTime:0.0003s ]
NOTIC: [8] Undefined index: parameter D:\wamp\www\myblog\Application\Admin\Model\FriendlyLinkModel.class.php 第 29 行.
NOTIC: [8] Undefined index: where D:\wamp\www\myblog\Application\Admin\Model\FriendlyLinkModel.class.php 第 35 行.
SQL: SELECT fl.* FROM xxf_friendly_link fl ORDER BY id DESC LIMIT 0,10   [ RunTime:0.0004s ]
INFO: [ view_parse ] --START--
INFO: [ template_filter ] --START--
INFO: Run Behavior\ContentReplace [ RunTime:0.000263s ]
INFO: [ template_filter ] --END-- [ RunTime:0.000542s ]
INFO: Run Behavior\ParseTemplate [ RunTime:0.033969s ]
INFO: [ view_parse ] --END-- [ RunTime:0.034284s ]
INFO: [ view_filter ] --START--
INFO: Run Behavior\WriteHtmlCache [ RunTime:0.001392s ]
INFO: [ view_filter ] --END-- [ RunTime:0.001604s ]
INFO: [ app_end ] --START--
INFO: Run Behavior\ShowPageTrace [ RunTime:0.002629s ]
INFO: [ app_end ] --END-- [ RunTime:0.002925s ]

[ 2016-03-02T13:29:05+08:00 ] ::1 /myblog/Admin-FriendlyLink-index
INFO: [ app_init ] --START--
INFO: Run Behavior\BuildLite [ RunTime:0.000040s ]
INFO: [ app_init ] --END-- [ RunTime:0.000806s ]
INFO: [ app_begin ] --START--
INFO: Run Behavior\ReadHtmlCache [ RunTime:0.002302s ]
INFO: [ app_begin ] --END-- [ RunTime:0.002651s ]
SQL: SHOW COLUMNS FROM `xxf_config` [ RunTime:0.0078s ]
SQL: SELECT `admin_page` FROM `xxf_config` LIMIT 1   [ RunTime:0.0003s ]
SQL: SHOW COLUMNS FROM `xxf_friendly_link` [ RunTime:0.0066s ]
NOTIC: [8] Undefined index: where D:\wamp\www\myblog\Application\Admin\Model\FriendlyLinkModel.class.php 第 28 行.
SQL: SELECT COUNT(*) AS tp_count FROM xxf_friendly_link fl LIMIT 1   [ RunTime:0.0003s ]
NOTIC: [8] Undefined index: parameter D:\wamp\www\myblog\Application\Admin\Model\FriendlyLinkModel.class.php 第 29 行.
NOTIC: [8] Undefined index: where D:\wamp\www\myblog\Application\Admin\Model\FriendlyLinkModel.class.php 第 35 行.
SQL: SELECT fl.* FROM xxf_friendly_link fl ORDER BY id DESC LIMIT 0,10   [ RunTime:0.0003s ]
INFO: [ view_parse ] --START--
INFO: [ template_filter ] --START--
INFO: Run Behavior\ContentReplace [ RunTime:0.000258s ]
INFO: [ template_filter ] --END-- [ RunTime:0.000533s ]
INFO: Run Behavior\ParseTemplate [ RunTime:0.030652s ]
INFO: [ view_parse ] --END-- [ RunTime:0.030938s ]
INFO: [ view_filter ] --START--
INFO: Run Behavior\WriteHtmlCache [ RunTime:0.001376s ]
INFO: [ view_filter ] --END-- [ RunTime:0.001630s ]
INFO: [ app_end ] --START--
INFO: Run Behavior\ShowPageTrace [ RunTime:0.001882s ]
INFO: [ app_end ] --END-- [ RunTime:0.002177s ]

[ 2016-03-02T13:29:09+08:00 ] ::1 /myblog/Admin-FriendlyLink-index
INFO: [ app_init ] --START--
INFO: Run Behavior\BuildLite [ RunTime:0.000052s ]
INFO: [ app_init ] --END-- [ RunTime:0.000679s ]
INFO: [ app_begin ] --START--
INFO: Run Behavior\ReadHtmlCache [ RunTime:0.001197s ]
INFO: [ app_begin ] --END-- [ RunTime:0.001365s ]
SQL: SHOW COLUMNS FROM `xxf_config` [ RunTime:0.0070s ]
SQL: SELECT `admin_page` FROM `xxf_config` LIMIT 1   [ RunTime:0.0003s ]
SQL: SHOW COLUMNS FROM `xxf_friendly_link` [ RunTime:0.0061s ]
NOTIC: [8] Undefined index: where D:\wamp\www\myblog\Application\Admin\Model\FriendlyLinkModel.class.php 第 28 行.
SQL: SELECT COUNT(*) AS tp_count FROM xxf_friendly_link fl LIMIT 1   [ RunTime:0.0003s ]
NOTIC: [8] Undefined index: parameter D:\wamp\www\myblog\Application\Admin\Model\FriendlyLinkModel.class.php 第 29 行.
NOTIC: [8] Undefined index: where D:\wamp\www\myblog\Application\Admin\Model\FriendlyLinkModel.class.php 第 35 行.
SQL: SELECT fl.* FROM xxf_friendly_link fl ORDER BY id DESC LIMIT 0,10   [ RunTime:0.0003s ]
INFO: [ view_parse ] --START--
INFO: [ template_filter ] --START--
INFO: Run Behavior\ContentReplace [ RunTime:0.000142s ]
INFO: [ template_filter ] --END-- [ RunTime:0.000289s ]
INFO: Run Behavior\ParseTemplate [ RunTime:0.027227s ]
INFO: [ view_parse ] --END-- [ RunTime:0.027405s ]
INFO: [ view_filter ] --START--
INFO: Run Behavior\WriteHtmlCache [ RunTime:0.001507s ]
INFO: [ view_filter ] --END-- [ RunTime:0.001734s ]
INFO: [ app_end ] --START--
INFO: Run Behavior\ShowPageTrace [ RunTime:0.001985s ]
INFO: [ app_end ] --END-- [ RunTime:0.002150s ]

[ 2016-03-02T13:29:10+08:00 ] ::1 /myblog/Admin-FriendlyLink-void(0);
INFO: [ app_init ] --START--
INFO: Run Behavior\BuildLite [ RunTime:0.000036s ]
INFO: [ app_init ] --END-- [ RunTime:0.000687s ]
INFO: [ app_begin ] --START--
INFO: Run Behavior\ReadHtmlCache [ RunTime:0.002317s ]
INFO: [ app_begin ] --END-- [ RunTime:0.002656s ]
ERR: 非法操作:void(0);

[ 2016-03-02T13:29:58+08:00 ] ::1 /myblog/Admin-FriendlyLink-index
INFO: [ app_init ] --START--
INFO: Run Behavior\BuildLite [ RunTime:0.000032s ]
INFO: [ app_init ] --END-- [ RunTime:0.000648s ]
INFO: [ app_begin ] --START--
INFO: Run Behavior\ReadHtmlCache [ RunTime:0.001344s ]
INFO: [ app_begin ] --END-- [ RunTime:0.001526s ]
SQL: SHOW COLUMNS FROM `xxf_config` [ RunTime:0.0073s ]
SQL: SELECT `admin_page` FROM `xxf_config` LIMIT 1   [ RunTime:0.0003s ]
SQL: SHOW COLUMNS FROM `xxf_friendly_link` [ RunTime:0.0090s ]
NOTIC: [8] Undefined index: where D:\wamp\www\myblog\Application\Admin\Model\FriendlyLinkModel.class.php 第 28 行.
SQL: SELECT COUNT(*) AS tp_count FROM xxf_friendly_link fl LIMIT 1   [ RunTime:0.0003s ]
NOTIC: [8] Undefined index: parameter D:\wamp\www\myblog\Application\Admin\Model\FriendlyLinkModel.class.php 第 29 行.
NOTIC: [8] Undefined index: where D:\wamp\www\myblog\Application\Admin\Model\FriendlyLinkModel.class.php 第 35 行.
SQL: SELECT fl.* FROM xxf_friendly_link fl ORDER BY id DESC LIMIT 0,10   [ RunTime:0.0003s ]
INFO: [ view_parse ] --START--
INFO: [ template_filter ] --START--
INFO: Run Behavior\ContentReplace [ RunTime:0.000152s ]
INFO: [ template_filter ] --END-- [ RunTime:0.000311s ]
INFO: Run Behavior\ParseTemplate [ RunTime:0.029930s ]
INFO: [ view_parse ] --END-- [ RunTime:0.030092s ]
INFO: [ view_filter ] --START--
INFO: Run Behavior\WriteHtmlCache [ RunTime:0.001159s ]
INFO: [ view_filter ] --END-- [ RunTime:0.001301s ]
INFO: [ app_end ] --START--
INFO: Run Behavior\ShowPageTrace [ RunTime:0.001285s ]
INFO: [ app_end ] --END-- [ RunTime:0.001430s ]

[ 2016-03-02T13:29:59+08:00 ] ::1 /myblog/Admin-FriendlyLink-void(0);
INFO: [ app_init ] --START--
INFO: Run Behavior\BuildLite [ RunTime:0.000061s ]
INFO: [ app_init ] --END-- [ RunTime:0.001060s ]
INFO: [ app_begin ] --START--
INFO: Run Behavior\ReadHtmlCache [ RunTime:0.002014s ]
INFO: [ app_begin ] --END-- [ RunTime:0.002304s ]
ERR: 非法操作:void(0);

[ 2016-03-02T13:31:26+08:00 ] ::1 /myblog/Admin-FriendlyLink-index
INFO: [ app_init ] --START--
INFO: Run Behavior\BuildLite [ RunTime:0.000039s ]
INFO: [ app_init ] --END-- [ RunTime:0.000716s ]
INFO: [ app_begin ] --START--
INFO: Run Behavior\ReadHtmlCache [ RunTime:0.001320s ]
INFO: [ app_begin ] --END-- [ RunTime:0.001568s ]
SQL: SHOW COLUMNS FROM `xxf_config` [ RunTime:0.0086s ]
SQL: SELECT `admin_page` FROM `xxf_config` LIMIT 1   [ RunTime:0.0003s ]
SQL: SHOW COLUMNS FROM `xxf_friendly_link` [ RunTime:0.0077s ]
NOTIC: [8] Undefined index: where D:\wamp\www\myblog\Application\Admin\Model\FriendlyLinkModel.class.php 第 28 行.
SQL: SELECT COUNT(*) AS tp_count FROM xxf_friendly_link fl LIMIT 1   [ RunTime:0.0004s ]
NOTIC: [8] Undefined index: parameter D:\wamp\www\myblog\Application\Admin\Model\FriendlyLinkModel.class.php 第 29 行.
NOTIC: [8] Undefined index: where D:\wamp\www\myblog\Application\Admin\Model\FriendlyLinkModel.class.php 第 35 行.
SQL: SELECT fl.* FROM xxf_friendly_link fl ORDER BY id DESC LIMIT 0,10   [ RunTime:0.0004s ]
INFO: [ view_parse ] --START--
INFO: [ template_filter ] --START--
INFO: Run Behavior\ContentReplace [ RunTime:0.000266s ]
INFO: [ template_filter ] --END-- [ RunTime:0.000547s ]
INFO: Run Behavior\ParseTemplate [ RunTime:0.037950s ]
INFO: [ view_parse ] --END-- [ RunTime:0.038179s ]
INFO: [ view_filter ] --START--
INFO: Run Behavior\WriteHtmlCache [ RunTime:0.001872s ]
INFO: [ view_filter ] --END-- [ RunTime:0.002131s ]
INFO: [ app_end ] --START--
INFO: Run Behavior\ShowPageTrace [ RunTime:0.001408s ]
INFO: [ app_end ] --END-- [ RunTime:0.001557s ]

[ 2016-03-02T13:34:30+08:00 ] ::1 /myblog/Admin-FriendlyLink-index
INFO: [ app_init ] --START--
INFO: Run Behavior\BuildLite [ RunTime:0.000041s ]
INFO: [ app_init ] --END-- [ RunTime:0.000736s ]
INFO: [ app_begin ] --START--
INFO: Run Behavior\ReadHtmlCache [ RunTime:0.001990s ]
INFO: [ app_begin ] --END-- [ RunTime:0.002242s ]
SQL: SHOW COLUMNS FROM `xxf_config` [ RunTime:0.0080s ]
SQL: SELECT `admin_page` FROM `xxf_config` LIMIT 1   [ RunTime:0.0003s ]
SQL: SHOW COLUMNS FROM `xxf_friendly_link` [ RunTime:0.0069s ]
NOTIC: [8] Undefined index: where D:\wamp\www\myblog\Application\Admin\Model\FriendlyLinkModel.class.php 第 28 行.
SQL: SELECT COUNT(*) AS tp_count FROM xxf_friendly_link fl LIMIT 1   [ RunTime:0.0003s ]
NOTIC: [8] Undefined index: parameter D:\wamp\www\myblog\Application\Admin\Model\FriendlyLinkModel.class.php 第 29 行.
NOTIC: [8] Undefined index: where D:\wamp\www\myblog\Application\Admin\Model\FriendlyLinkModel.class.php 第 35 行.
SQL: SELECT fl.* FROM xxf_friendly_link fl ORDER BY id DESC LIMIT 0,10   [ RunTime:0.0004s ]
INFO: [ view_parse ] --START--
INFO: [ template_filter ] --START--
INFO: Run Behavior\ContentReplace [ RunTime:0.000179s ]
INFO: [ template_filter ] --END-- [ RunTime:0.000362s ]
INFO: Run Behavior\ParseTemplate [ RunTime:0.032852s ]
INFO: [ view_parse ] --END-- [ RunTime:0.033102s ]
INFO: [ view_filter ] --START--
INFO: Run Behavior\WriteHtmlCache [ RunTime:0.001263s ]
INFO: [ view_filter ] --END-- [ RunTime:0.001422s ]
INFO: [ app_end ] --START--
INFO: Run Behavior\ShowPageTrace [ RunTime:0.001431s ]
INFO: [ app_end ] --END-- [ RunTime:0.001582s ]

[ 2016-03-02T13:34:31+08:00 ] ::1 /myblog/Admin-Article-index
INFO: [ app_init ] --START--
INFO: Run Behavior\BuildLite [ RunTime:0.000038s ]
INFO: [ app_init ] --END-- [ RunTime:0.000713s ]
INFO: [ app_begin ] --START--
INFO: Run Behavior\ReadHtmlCache [ RunTime:0.001324s ]
INFO: [ app_begin ] --END-- [ RunTime:0.001482s ]
SQL: SHOW COLUMNS FROM `xxf_config` [ RunTime:0.0081s ]
SQL: SELECT `admin_page` FROM `xxf_config` LIMIT 1   [ RunTime:0.0003s ]
SQL: SHOW COLUMNS FROM `xxf_article` [ RunTime:0.0105s ]
NOTIC: [8] Undefined index: where D:\wamp\www\myblog\Application\Admin\Model\ArticleModel.class.php 第 38 行.
SQL: SELECT COUNT(*) AS tp_count FROM xxf_article art LIMIT 1   [ RunTime:0.0002s ]
NOTIC: [8] Undefined index: parameter D:\wamp\www\myblog\Application\Admin\Model\ArticleModel.class.php 第 39 行.
NOTIC: [8] Undefined index: where D:\wamp\www\myblog\Application\Admin\Model\ArticleModel.class.php 第 45 行.
SQL: SELECT art.*,art_cate.name cate_name,art_cate.status cate_status FROM xxf_article art LEFT JOIN xxf_article_category art_cate ON art_cate.id = art.cate_id AND art_cate.status < 9  ORDER BY is_top DESC,create_time DESC LIMIT 0,10   [ RunTime:0.0067s ]
INFO: [ view_parse ] --START--
INFO: [ template_filter ] --START--
INFO: Run Behavior\ContentReplace [ RunTime:0.000167s ]
INFO: [ template_filter ] --END-- [ RunTime:0.000328s ]
NOTIC: [8] Undefined index: title D:\wamp\www\myblog\Application\Runtime\Cache\Admin\7a4184ffe8f804b12b2e7f8851dd8f7d.php 第 89 行.
INFO: Run Behavior\ParseTemplate [ RunTime:0.041127s ]
INFO: [ view_parse ] --END-- [ RunTime:0.041351s ]
INFO: [ view_filter ] --START--
INFO: Run Behavior\WriteHtmlCache [ RunTime:0.001554s ]
INFO: [ view_filter ] --END-- [ RunTime:0.001807s ]
INFO: [ app_end ] --START--
INFO: Run Behavior\ShowPageTrace [ RunTime:0.001776s ]
INFO: [ app_end ] --END-- [ RunTime:0.002037s ]

[ 2016-03-02T13:34:35+08:00 ] ::1 /myblog/Admin-Article-index
INFO: [ app_init ] --START--
INFO: Run Behavior\BuildLite [ RunTime:0.000035s ]
INFO: [ app_init ] --END-- [ RunTime:0.000642s ]
INFO: [ app_begin ] --START--
INFO: Run Behavior\ReadHtmlCache [ RunTime:0.001259s ]
INFO: [ app_begin ] --END-- [ RunTime:0.001418s ]
SQL: SHOW COLUMNS FROM `xxf_config` [ RunTime:0.0083s ]
SQL: SELECT `admin_page` FROM `xxf_config` LIMIT 1   [ RunTime:0.0003s ]
SQL: SHOW COLUMNS FROM `xxf_article` [ RunTime:0.0090s ]
NOTIC: [8] Undefined index: where D:\wamp\www\myblog\Application\Admin\Model\ArticleModel.class.php 第 38 行.
SQL: SELECT COUNT(*) AS tp_count FROM xxf_article art LIMIT 1   [ RunTime:0.0003s ]
NOTIC: [8] Undefined index: parameter D:\wamp\www\myblog\Application\Admin\Model\ArticleModel.class.php 第 39 行.
NOTIC: [8] Undefined index: where D:\wamp\www\myblog\Application\Admin\Model\ArticleModel.class.php 第 45 行.
SQL: SELECT art.*,art_cate.name cate_name,art_cate.status cate_status FROM xxf_article art LEFT JOIN xxf_article_category art_cate ON art_cate.id = art.cate_id AND art_cate.status < 9  ORDER BY is_top DESC,create_time DESC LIMIT 0,10   [ RunTime:0.0075s ]
INFO: [ view_parse ] --START--
INFO: [ template_filter ] --START--
INFO: Run Behavior\ContentReplace [ RunTime:0.000169s ]
INFO: [ template_filter ] --END-- [ RunTime:0.000329s ]
NOTIC: [8] Undefined index: title D:\wamp\www\myblog\Application\Runtime\Cache\Admin\7a4184ffe8f804b12b2e7f8851dd8f7d.php 第 89 行.
INFO: Run Behavior\ParseTemplate [ RunTime:0.033767s ]
INFO: [ view_parse ] --END-- [ RunTime:0.033986s ]
INFO: [ view_filter ] --START--
INFO: Run Behavior\WriteHtmlCache [ RunTime:0.001378s ]
INFO: [ view_filter ] --END-- [ RunTime:0.001540s ]
INFO: [ app_end ] --START--
INFO: Run Behavior\ShowPageTrace [ RunTime:0.001486s ]
INFO: [ app_end ] --END-- [ RunTime:0.001648s ]

[ 2016-03-02T13:34:36+08:00 ] ::1 /myblog/Admin-ArticleCategory-index
INFO: [ app_init ] --START--
INFO: Run Behavior\BuildLite [ RunTime:0.000041s ]
INFO: [ app_init ] --END-- [ RunTime:0.000951s ]
INFO: [ app_begin ] --START--
INFO: Run Behavior\ReadHtmlCache [ RunTime:0.002758s ]
INFO: [ app_begin ] --END-- [ RunTime:0.003005s ]
SQL: SHOW COLUMNS FROM `xxf_article_category` [ RunTime:0.0061s ]
SQL: SELECT * FROM `xxf_article_category` WHERE `parent_id` = 0 ORDER BY sort DESC  [ RunTime:0.0006s ]
SQL: SELECT * FROM `xxf_article_category` WHERE `parent_id` = 49 ORDER BY sort DESC  [ RunTime:0.0004s ]
SQL: SELECT * FROM `xxf_article_category` WHERE `parent_id` = 56 ORDER BY sort DESC  [ RunTime:0.0004s ]
SQL: SELECT * FROM `xxf_article_category` WHERE `parent_id` = 52 ORDER BY sort DESC  [ RunTime:0.0002s ]
SQL: SELECT * FROM `xxf_article_category` WHERE `parent_id` = 51 ORDER BY sort DESC  [ RunTime:0.0002s ]
NOTIC: [8] Undefined index: description D:\wamp\www\myblog\ThinkPHP_3.2.3\Library\Think\Tree.class.php 第 58 行.
NOTIC: [8] Undefined index: keywords D:\wamp\www\myblog\ThinkPHP_3.2.3\Library\Think\Tree.class.php 第 58 行.
NOTIC: [8] Undefined index: description D:\wamp\www\myblog\ThinkPHP_3.2.3\Library\Think\Tree.class.php 第 97 行.
NOTIC: [8] Undefined index: keywords D:\wamp\www\myblog\ThinkPHP_3.2.3\Library\Think\Tree.class.php 第 97 行.
NOTIC: [8] Undefined index: description D:\wamp\www\myblog\ThinkPHP_3.2.3\Library\Think\Tree.class.php 第 58 行.
NOTIC: [8] Undefined index: keywords D:\wamp\www\myblog\ThinkPHP_3.2.3\Library\Think\Tree.class.php 第 58 行.
NOTIC: [8] Undefined index: description D:\wamp\www\myblog\ThinkPHP_3.2.3\Library\Think\Tree.class.php 第 58 行.
NOTIC: [8] Undefined index: keywords D:\wamp\www\myblog\ThinkPHP_3.2.3\Library\Think\Tree.class.php 第 58 行.
INFO: [ view_parse ] --START--
INFO: [ template_filter ] --START--
INFO: Run Behavior\ContentReplace [ RunTime:0.000153s ]
INFO: [ template_filter ] --END-- [ RunTime:0.000313s ]
INFO: Run Behavior\ParseTemplate [ RunTime:0.027644s ]
INFO: [ view_parse ] --END-- [ RunTime:0.027812s ]
INFO: [ view_filter ] --START--
INFO: Run Behavior\WriteHtmlCache [ RunTime:0.001315s ]
INFO: [ view_filter ] --END-- [ RunTime:0.001524s ]
INFO: [ app_end ] --START--
INFO: Run Behavior\ShowPageTrace [ RunTime:0.001547s ]
INFO: [ app_end ] --END-- [ RunTime:0.001768s ]

[ 2016-03-02T13:34:40+08:00 ] ::1 /myblog/Admin-Article-index
INFO: [ app_init ] --START--
INFO: Run Behavior\BuildLite [ RunTime:0.000038s ]
INFO: [ app_init ] --END-- [ RunTime:0.000693s ]
INFO: [ app_begin ] --START--
INFO: Run Behavior\ReadHtmlCache [ RunTime:0.002596s ]
INFO: [ app_begin ] --END-- [ RunTime:0.002838s ]
SQL: SHOW COLUMNS FROM `xxf_config` [ RunTime:0.0074s ]
SQL: SELECT `admin_page` FROM `xxf_config` LIMIT 1   [ RunTime:0.0004s ]
SQL: SHOW COLUMNS FROM `xxf_article` [ RunTime:0.0092s ]
NOTIC: [8] Undefined index: where D:\wamp\www\myblog\Application\Admin\Model\ArticleModel.class.php 第 38 行.
SQL: SELECT COUNT(*) AS tp_count FROM xxf_article art LIMIT 1   [ RunTime:0.0002s ]
NOTIC: [8] Undefined index: parameter D:\wamp\www\myblog\Application\Admin\Model\ArticleModel.class.php 第 39 行.
NOTIC: [8] Undefined index: where D:\wamp\www\myblog\Application\Admin\Model\ArticleModel.class.php 第 45 行.
SQL: SELECT art.*,art_cate.name cate_name,art_cate.status cate_status FROM xxf_article art LEFT JOIN xxf_article_category art_cate ON art_cate.id = art.cate_id AND art_cate.status < 9  ORDER BY is_top DESC,create_time DESC LIMIT 0,10   [ RunTime:0.0071s ]
INFO: [ view_parse ] --START--
INFO: [ template_filter ] --START--
INFO: Run Behavior\ContentReplace [ RunTime:0.000169s ]
INFO: [ template_filter ] --END-- [ RunTime:0.000333s ]
NOTIC: [8] Undefined index: title D:\wamp\www\myblog\Application\Runtime\Cache\Admin\7a4184ffe8f804b12b2e7f8851dd8f7d.php 第 89 行.
INFO: Run Behavior\ParseTemplate [ RunTime:0.032649s ]
INFO: [ view_parse ] --END-- [ RunTime:0.032803s ]
INFO: [ view_filter ] --START--
INFO: Run Behavior\WriteHtmlCache [ RunTime:0.001161s ]
INFO: [ view_filter ] --END-- [ RunTime:0.001303s ]
INFO: [ app_end ] --START--
INFO: Run Behavior\ShowPageTrace [ RunTime:0.001245s ]
INFO: [ app_end ] --END-- [ RunTime:0.001393s ]

[ 2016-03-02T13:34:40+08:00 ] ::1 /myblog/Admin-ArticleCategory-index
INFO: [ app_init ] --START--
INFO: Run Behavior\BuildLite [ RunTime:0.000069s ]
INFO: [ app_init ] --END-- [ RunTime:0.000885s ]
INFO: [ app_begin ] --START--
INFO: Run Behavior\ReadHtmlCache [ RunTime:0.001921s ]
INFO: [ app_begin ] --END-- [ RunTime:0.002112s ]
SQL: SHOW COLUMNS FROM `xxf_article_category` [ RunTime:0.0066s ]
SQL: SELECT * FROM `xxf_article_category` WHERE `parent_id` = 0 ORDER BY sort DESC  [ RunTime:0.0006s ]
SQL: SELECT * FROM `xxf_article_category` WHERE `parent_id` = 49 ORDER BY sort DESC  [ RunTime:0.0007s ]
SQL: SELECT * FROM `xxf_article_category` WHERE `parent_id` = 56 ORDER BY sort DESC  [ RunTime:0.0006s ]
SQL: SELECT * FROM `xxf_article_category` WHERE `parent_id` = 52 ORDER BY sort DESC  [ RunTime:0.0004s ]
SQL: SELECT * FROM `xxf_article_category` WHERE `parent_id` = 51 ORDER BY sort DESC  [ RunTime:0.0003s ]
NOTIC: [8] Undefined index: description D:\wamp\www\myblog\ThinkPHP_3.2.3\Library\Think\Tree.class.php 第 58 行.
NOTIC: [8] Undefined index: keywords D:\wamp\www\myblog\ThinkPHP_3.2.3\Library\Think\Tree.class.php 第 58 行.
NOTIC: [8] Undefined index: description D:\wamp\www\myblog\ThinkPHP_3.2.3\Library\Think\Tree.class.php 第 97 行.
NOTIC: [8] Undefined index: keywords D:\wamp\www\myblog\ThinkPHP_3.2.3\Library\Think\Tree.class.php 第 97 行.
NOTIC: [8] Undefined index: description D:\wamp\www\myblog\ThinkPHP_3.2.3\Library\Think\Tree.class.php 第 58 行.
NOTIC: [8] Undefined index: keywords D:\wamp\www\myblog\ThinkPHP_3.2.3\Library\Think\Tree.class.php 第 58 行.
NOTIC: [8] Undefined index: description D:\wamp\www\myblog\ThinkPHP_3.2.3\Library\Think\Tree.class.php 第 58 行.
NOTIC: [8] Undefined index: keywords D:\wamp\www\myblog\ThinkPHP_3.2.3\Library\Think\Tree.class.php 第 58 行.
INFO: [ view_parse ] --START--
INFO: [ template_filter ] --START--
INFO: Run Behavior\ContentReplace [ RunTime:0.000228s ]
INFO: [ template_filter ] --END-- [ RunTime:0.000492s ]
INFO: Run Behavior\ParseTemplate [ RunTime:0.031886s ]
INFO: [ view_parse ] --END-- [ RunTime:0.032047s ]
INFO: [ view_filter ] --START--
INFO: Run Behavior\WriteHtmlCache [ RunTime:0.001038s ]
INFO: [ view_filter ] --END-- [ RunTime:0.001182s ]
INFO: [ app_end ] --START--
INFO: Run Behavior\ShowPageTrace [ RunTime:0.001399s ]
INFO: [ app_end ] --END-- [ RunTime:0.001548s ]

[ 2016-03-02T13:35:20+08:00 ] ::1 /myblog/Admin-Nav-index
INFO: [ app_init ] --START--
INFO: Run Behavior\BuildLite [ RunTime:0.000104s ]
INFO: [ app_init ] --END-- [ RunTime:0.001623s ]
INFO: [ app_begin ] --START--
INFO: Run Behavior\ReadHtmlCache [ RunTime:0.001267s ]
INFO: [ app_begin ] --END-- [ RunTime:0.001430s ]
SQL: SHOW COLUMNS FROM `xxf_config` [ RunTime:0.0992s ]
SQL: SELECT `admin_page` FROM `xxf_config` LIMIT 1   [ RunTime:0.0003s ]
SQL: SHOW COLUMNS FROM `xxf_nav` [ RunTime:0.1640s ]
NOTIC: [8] Undefined index: where D:\wamp\www\myblog\Application\Admin\Model\NavModel.class.php 第 28 行.
SQL: SELECT COUNT(*) AS tp_count FROM xxf_nav n LIMIT 1   [ RunTime:0.0004s ]
NOTIC: [8] Undefined index: parameter D:\wamp\www\myblog\Application\Admin\Model\NavModel.class.php 第 29 行.
NOTIC: [8] Undefined index: where D:\wamp\www\myblog\Application\Admin\Model\NavModel.class.php 第 35 行.
SQL: SELECT n.* FROM xxf_nav n ORDER BY sort DESC LIMIT 0,10   [ RunTime:0.0004s ]
INFO: [ view_parse ] --START--
INFO: [ template_filter ] --START--
INFO: Run Behavior\ContentReplace [ RunTime:0.000166s ]
INFO: [ template_filter ] --END-- [ RunTime:0.000339s ]
INFO: Run Behavior\ParseTemplate [ RunTime:0.037582s ]
INFO: [ view_parse ] --END-- [ RunTime:0.037862s ]
INFO: [ view_filter ] --START--
INFO: Run Behavior\WriteHtmlCache [ RunTime:0.002099s ]
INFO: [ view_filter ] --END-- [ RunTime:0.002377s ]
INFO: [ app_end ] --START--
INFO: Run Behavior\ShowPageTrace [ RunTime:0.001674s ]
INFO: [ app_end ] --END-- [ RunTime:0.001848s ]

[ 2016-03-02T13:35:55+08:00 ] ::1 /myblog/Admin-Nav-editField
INFO: [ app_init ] --START--
INFO: Run Behavior\BuildLite [ RunTime:0.000036s ]
INFO: [ app_init ] --END-- [ RunTime:0.000757s ]
INFO: [ app_begin ] --START--
INFO: Run Behavior\ReadHtmlCache [ RunTime:0.001295s ]
INFO: [ app_begin ] --END-- [ RunTime:0.001467s ]
SQL: SHOW COLUMNS FROM `xxf_nav` [ RunTime:0.0076s ]
SQL: UPDATE `xxf_nav` SET `active`='Index' WHERE `id` = 1 [ RunTime:0.0707s ]
NOTIC: [2] unlink(./Application/Runtime/Temp/xxf_98db506838b53dfaa30e1acc96c24e97.php): No such file or directory D:\wamp\www\myblog\ThinkPHP_3.2.3\Library\Think\Cache\Driver\File.class.php 第 157 行.

[ 2016-03-02T13:36:01+08:00 ] ::1 /myblog/Admin-Nav-editField
INFO: [ app_init ] --START--
INFO: Run Behavior\BuildLite [ RunTime:0.000035s ]
INFO: [ app_init ] --END-- [ RunTime:0.000725s ]
INFO: [ app_begin ] --START--
INFO: Run Behavior\ReadHtmlCache [ RunTime:0.001275s ]
INFO: [ app_begin ] --END-- [ RunTime:0.001402s ]
SQL: SHOW COLUMNS FROM `xxf_nav` [ RunTime:0.0068s ]
SQL: UPDATE `xxf_nav` SET `active`='2' WHERE `id` = 2 [ RunTime:0.0935s ]
NOTIC: [2] unlink(./Application/Runtime/Temp/xxf_98db506838b53dfaa30e1acc96c24e97.php): No such file or directory D:\wamp\www\myblog\ThinkPHP_3.2.3\Library\Think\Cache\Driver\File.class.php 第 157 行.

[ 2016-03-02T13:36:03+08:00 ] ::1 /myblog/Admin-Nav-editField
INFO: [ app_init ] --START--
INFO: Run Behavior\BuildLite [ RunTime:0.000035s ]
INFO: [ app_init ] --END-- [ RunTime:0.000670s ]
INFO: [ app_begin ] --START--
INFO: Run Behavior\ReadHtmlCache [ RunTime:0.001749s ]
INFO: [ app_begin ] --END-- [ RunTime:0.001985s ]
SQL: SHOW COLUMNS FROM `xxf_nav` [ RunTime:0.0731s ]
SQL: UPDATE `xxf_nav` SET `active`='Twitter' WHERE `id` = 2 [ RunTime:0.1087s ]
NOTIC: [2] unlink(./Application/Runtime/Temp/xxf_98db506838b53dfaa30e1acc96c24e97.php): No such file or directory D:\wamp\www\myblog\ThinkPHP_3.2.3\Library\Think\Cache\Driver\File.class.php 第 157 行.

[ 2016-03-02T13:36:05+08:00 ] ::1 /myblog/Admin-Nav-editField
INFO: [ app_init ] --START--
INFO: Run Behavior\BuildLite [ RunTime:0.000035s ]
INFO: [ app_init ] --END-- [ RunTime:0.000629s ]
INFO: [ app_begin ] --START--
INFO: Run Behavior\ReadHtmlCache [ RunTime:0.001218s ]
INFO: [ app_begin ] --END-- [ RunTime:0.001359s ]
SQL: SHOW COLUMNS FROM `xxf_nav` [ RunTime:0.0930s ]
SQL: UPDATE `xxf_nav` SET `active`='Music' WHERE `id` = 3 [ RunTime:0.0642s ]
NOTIC: [2] unlink(./Application/Runtime/Temp/xxf_98db506838b53dfaa30e1acc96c24e97.php): No such file or directory D:\wamp\www\myblog\ThinkPHP_3.2.3\Library\Think\Cache\Driver\File.class.php 第 157 行.

